2024-03-09 11:05:27.915  INFO 12100 --- [main] (system) com.example.ServerApplication            : Starting ServerApplication using Java 17.0.8 with PID 12100 (C:\Users\yang2\Desktop\monitor\monitor\server\target\classes started by yang2 in C:\Users\yang2\Desktop\monitor\monitor)
2024-03-09 11:05:27.916  INFO 12100 --- [main] (system) com.example.ServerApplication            : The following 1 profile is active: "dev"
2024-03-09 11:05:28.679  INFO 12100 --- [main] (system) .s.d.r.c.RepositoryConfigurationDelegate : Multiple Spring Data modules found, entering strict repository configuration mode
2024-03-09 11:05:28.682  INFO 12100 --- [main] (system) .s.d.r.c.RepositoryConfigurationDelegate : Bootstrapping Spring Data Redis repositories in DEFAULT mode.
2024-03-09 11:05:28.707  INFO 12100 --- [main] (system) .s.d.r.c.RepositoryConfigurationDelegate : Finished Spring Data repository scanning in 10 ms. Found 0 Redis repository interfaces.
2024-03-09 11:05:29.270  INFO 12100 --- [main] (system) o.s.b.w.embedded.tomcat.TomcatWebServer  : Tomcat initialized with port(s): 8080 (http)
2024-03-09 11:05:29.279  INFO 12100 --- [main] (system) o.apache.catalina.core.StandardService   : Starting service [Tomcat]
2024-03-09 11:05:29.279  INFO 12100 --- [main] (system) o.apache.catalina.core.StandardEngine    : Starting Servlet engine: [Apache Tomcat/10.1.11]
2024-03-09 11:05:29.368  INFO 12100 --- [main] (system) o.a.c.c.C.[Tomcat].[localhost].[/]       : Initializing Spring embedded WebApplicationContext
2024-03-09 11:05:29.369  INFO 12100 --- [main] (system) w.s.c.ServletWebServerApplicationContext : Root WebApplicationContext: initialization completed in 1420 ms
2024-03-09 11:05:29.931  INFO 12100 --- [main] (system) com.zaxxer.hikari.HikariDataSource       : HikariPool-1 - Starting...
2024-03-09 11:05:30.260  INFO 12100 --- [main] (system) com.zaxxer.hikari.pool.HikariPool        : HikariPool-1 - Added connection com.mysql.cj.jdbc.ConnectionImpl@5e7e7a7e
2024-03-09 11:05:30.263  INFO 12100 --- [main] (system) com.zaxxer.hikari.HikariDataSource       : HikariPool-1 - Start completed.
2024-03-09 11:05:30.879  INFO 12100 --- [main] (system) o.s.s.web.DefaultSecurityFilterChain     : Will secure any request with [org.springframework.security.web.session.DisableEncodeUrlFilter@510a2c7, org.springframework.security.web.context.request.async.WebAsyncManagerIntegrationFilter@14fe085b, org.springframework.security.web.context.SecurityContextHolderFilter@47c356e, org.springframework.security.web.header.HeaderWriterFilter@3ebc6d8b, org.springframework.security.web.authentication.logout.LogoutFilter@7535307c, com.example.filter.JwtAuthenticationFilter@6f80cf5, com.example.filter.RequestLogFilter@75d7297d, org.springframework.security.web.authentication.UsernamePasswordAuthenticationFilter@59043741, org.springframework.security.web.savedrequest.RequestCacheAwareFilter@5b80b41d, org.springframework.security.web.servletapi.SecurityContextHolderAwareRequestFilter@197180a5, org.springframework.security.web.authentication.AnonymousAuthenticationFilter@1ea19c97, org.springframework.security.web.session.SessionManagementFilter@7e7391e8, org.springframework.security.web.access.ExceptionTranslationFilter@61503d00, org.springframework.security.web.access.intercept.AuthorizationFilter@744db9fb]
2024-03-09 11:05:31.152  WARN 12100 --- [main] (system) ocalVariableTableParameterNameDiscoverer : Using deprecated '-debug' fallback for parameter name resolution. Compile the affected code with '-parameters' instead or avoid its introspection: org.springframework.amqp.rabbit.core.RabbitAdmin
2024-03-09 11:05:31.211  INFO 12100 --- [main] (system) o.s.b.w.embedded.tomcat.TomcatWebServer  : Tomcat started on port(s): 8080 (http) with context path ''
2024-03-09 11:05:31.215  INFO 12100 --- [main] (system) o.s.a.r.c.CachingConnectionFactory       : Attempting to connect to: [localhost:5672]
2024-03-09 11:05:31.398  INFO 12100 --- [main] (system) o.s.a.r.c.CachingConnectionFactory       : Created new connection: rabbitConnectionFactory#23954300:0/SimpleConnection@5507584d [delegate=amqp://admin@127.0.0.1:5672/, localPort=8352]
2024-03-09 11:05:31.446  INFO 12100 --- [main] (system) com.example.ServerApplication            : Started ServerApplication in 4.159 seconds (process running for 4.774)
2024-03-09 11:14:18.625  INFO 12100 --- [http-nio-8080-exec-1] (system) o.a.c.c.C.[Tomcat].[localhost].[/]       : Initializing Spring DispatcherServlet 'dispatcherServlet'
2024-03-09 11:14:18.626  INFO 12100 --- [http-nio-8080-exec-1] (system) o.s.web.servlet.DispatcherServlet        : Initializing Servlet 'dispatcherServlet'
2024-03-09 11:14:18.627  INFO 12100 --- [http-nio-8080-exec-1] (system) o.s.web.servlet.DispatcherServlet        : Completed initialization in 1 ms
2024-03-09 11:14:19.044  INFO 12100 --- [http-nio-8080-exec-1] (79130363544342528) com.example.filter.RequestLogFilter      : 请求URL: "/monitor/detail" (POST) | 远程IP地址: 127.0.0.1 │ 身份: 未验证 | 请求参数列表: {}
2024-03-09 11:14:19.333  INFO 12100 --- [http-nio-8080-exec-1] (79130363544342528) com.example.filter.RequestLogFilter      : 请求处理耗时: 291ms | 响应结果: {"id":79130363544342528,"code":200,"data":null,"message":"请求成功"}
2024-03-09 11:17:23.305  INFO 12100 --- [http-nio-8080-exec-3] (79131136399380480) com.example.filter.RequestLogFilter      : 请求URL: "/monitor/detail" (POST) | 远程IP地址: 127.0.0.1 │ 身份: 未验证 | 请求参数列表: {}
2024-03-09 11:17:23.311  INFO 12100 --- [http-nio-8080-exec-3] (79131136399380480) com.example.filter.RequestLogFilter      : 请求处理耗时: 6ms | 响应结果: {"id":79131136399380480,"code":200,"data":null,"message":"请求成功"}
2024-03-09 11:17:31.326  INFO 12100 --- [http-nio-8080-exec-4] (79131170041892864) com.example.filter.RequestLogFilter      : 请求URL: "/monitor/runtime" (POST) | 远程IP地址: 127.0.0.1 │ 身份: 未验证 | 请求参数列表: {}
2024-03-09 11:17:31.334  INFO 12100 --- [http-nio-8080-exec-4] (79131170041892864) com.example.filter.RequestLogFilter      : 请求处理耗时: 8ms | 响应结果: {"id":79131170041892864,"code":200,"data":null,"message":"请求成功"}
2024-03-09 11:17:41.059  INFO 12100 --- [http-nio-8080-exec-5] (79131210865053696) com.example.filter.RequestLogFilter      : 请求URL: "/monitor/runtime" (POST) | 远程IP地址: 127.0.0.1 │ 身份: 未验证 | 请求参数列表: {}
2024-03-09 11:17:41.061  INFO 12100 --- [http-nio-8080-exec-5] (79131210865053696) com.example.filter.RequestLogFilter      : 请求处理耗时: 2ms | 响应结果: {"id":79131210865053696,"code":200,"data":null,"message":"请求成功"}
2024-03-09 11:17:51.164  INFO 12100 --- [http-nio-8080-exec-6] (79131253248495616) com.example.filter.RequestLogFilter      : 请求URL: "/monitor/runtime" (POST) | 远程IP地址: 127.0.0.1 │ 身份: 未验证 | 请求参数列表: {}
2024-03-09 11:17:51.166  INFO 12100 --- [http-nio-8080-exec-6] (79131253248495616) com.example.filter.RequestLogFilter      : 请求处理耗时: 2ms | 响应结果: {"id":79131253248495616,"code":200,"data":null,"message":"请求成功"}
2024-03-09 11:18:01.108  INFO 12100 --- [http-nio-8080-exec-8] (79131294956654592) com.example.filter.RequestLogFilter      : 请求URL: "/monitor/runtime" (POST) | 远程IP地址: 127.0.0.1 │ 身份: 未验证 | 请求参数列表: {}
2024-03-09 11:18:01.110  INFO 12100 --- [http-nio-8080-exec-8] (79131294956654592) com.example.filter.RequestLogFilter      : 请求处理耗时: 2ms | 响应结果: {"id":79131294956654592,"code":200,"data":null,"message":"请求成功"}
2024-03-09 11:18:11.076  INFO 12100 --- [http-nio-8080-exec-7] (79131336765476864) com.example.filter.RequestLogFilter      : 请求URL: "/monitor/runtime" (POST) | 远程IP地址: 127.0.0.1 │ 身份: 未验证 | 请求参数列表: {}
2024-03-09 11:18:11.078  INFO 12100 --- [http-nio-8080-exec-7] (79131336765476864) com.example.filter.RequestLogFilter      : 请求处理耗时: 2ms | 响应结果: {"id":79131336765476864,"code":200,"data":null,"message":"请求成功"}
2024-03-09 11:18:21.071  INFO 12100 --- [http-nio-8080-exec-9] (79131378687545344) com.example.filter.RequestLogFilter      : 请求URL: "/monitor/runtime" (POST) | 远程IP地址: 127.0.0.1 │ 身份: 未验证 | 请求参数列表: {}
2024-03-09 11:18:21.073  INFO 12100 --- [http-nio-8080-exec-9] (79131378687545344) com.example.filter.RequestLogFilter      : 请求处理耗时: 2ms | 响应结果: {"id":79131378687545344,"code":200,"data":null,"message":"请求成功"}
2024-03-09 11:18:31.050  INFO 12100 --- [http-nio-8080-exec-10] (79131420542504960) com.example.filter.RequestLogFilter      : 请求URL: "/monitor/runtime" (POST) | 远程IP地址: 127.0.0.1 │ 身份: 未验证 | 请求参数列表: {}
2024-03-09 11:18:31.052  INFO 12100 --- [http-nio-8080-exec-10] (79131420542504960) com.example.filter.RequestLogFilter      : 请求处理耗时: 2ms | 响应结果: {"id":79131420542504960,"code":200,"data":null,"message":"请求成功"}
2024-03-09 11:18:40.986  INFO 12100 --- [org.springframework.amqp.rabbit.RabbitListenerEndpointContainer#0-2] (system) o.s.a.r.l.SimpleMessageListenerContainer : Waiting for workers to finish.
2024-03-09 11:18:41.137  INFO 12100 --- [http-nio-8080-exec-1] (79131462850449408) com.example.filter.RequestLogFilter      : 请求URL: "/monitor/runtime" (POST) | 远程IP地址: 127.0.0.1 │ 身份: 未验证 | 请求参数列表: {}
2024-03-09 11:18:41.141  INFO 12100 --- [http-nio-8080-exec-1] (79131462850449408) com.example.filter.RequestLogFilter      : 请求处理耗时: 4ms | 响应结果: {"id":79131462850449408,"code":200,"data":null,"message":"请求成功"}
2024-03-09 11:18:41.891  INFO 12100 --- [org.springframework.amqp.rabbit.RabbitListenerEndpointContainer#0-2] (system) o.s.a.r.l.SimpleMessageListenerContainer : Successfully waited for workers to finish.
2024-03-09 11:18:41.913  INFO 12100 --- [SpringApplicationShutdownHook] (system) com.zaxxer.hikari.HikariDataSource       : HikariPool-1 - Shutdown initiated...
2024-03-09 11:18:41.919  INFO 12100 --- [SpringApplicationShutdownHook] (system) com.zaxxer.hikari.HikariDataSource       : HikariPool-1 - Shutdown completed.
2024-03-09 11:18:45.527  INFO 13884 --- [main] (system) com.example.ServerApplication            : Starting ServerApplication using Java 17.0.8 with PID 13884 (C:\Users\yang2\Desktop\monitor\monitor\server\target\classes started by yang2 in C:\Users\yang2\Desktop\monitor\monitor)
2024-03-09 11:18:45.529  INFO 13884 --- [main] (system) com.example.ServerApplication            : The following 1 profile is active: "dev"
2024-03-09 11:18:46.132  INFO 13884 --- [main] (system) .s.d.r.c.RepositoryConfigurationDelegate : Multiple Spring Data modules found, entering strict repository configuration mode
2024-03-09 11:18:46.134  INFO 13884 --- [main] (system) .s.d.r.c.RepositoryConfigurationDelegate : Bootstrapping Spring Data Redis repositories in DEFAULT mode.
2024-03-09 11:18:46.155  INFO 13884 --- [main] (system) .s.d.r.c.RepositoryConfigurationDelegate : Finished Spring Data repository scanning in 10 ms. Found 0 Redis repository interfaces.
2024-03-09 11:18:46.623  INFO 13884 --- [main] (system) o.s.b.w.embedded.tomcat.TomcatWebServer  : Tomcat initialized with port(s): 8080 (http)
2024-03-09 11:18:46.631  INFO 13884 --- [main] (system) o.apache.catalina.core.StandardService   : Starting service [Tomcat]
2024-03-09 11:18:46.631  INFO 13884 --- [main] (system) o.apache.catalina.core.StandardEngine    : Starting Servlet engine: [Apache Tomcat/10.1.11]
2024-03-09 11:18:46.715  INFO 13884 --- [main] (system) o.a.c.c.C.[Tomcat].[localhost].[/]       : Initializing Spring embedded WebApplicationContext
2024-03-09 11:18:46.715  INFO 13884 --- [main] (system) w.s.c.ServletWebServerApplicationContext : Root WebApplicationContext: initialization completed in 1158 ms
2024-03-09 11:18:47.169  INFO 13884 --- [main] (system) com.zaxxer.hikari.HikariDataSource       : HikariPool-1 - Starting...
2024-03-09 11:18:47.393  INFO 13884 --- [main] (system) com.zaxxer.hikari.pool.HikariPool        : HikariPool-1 - Added connection com.mysql.cj.jdbc.ConnectionImpl@3c6fb501
2024-03-09 11:18:47.394  INFO 13884 --- [main] (system) com.zaxxer.hikari.HikariDataSource       : HikariPool-1 - Start completed.
2024-03-09 11:18:47.920  INFO 13884 --- [main] (system) o.s.s.web.DefaultSecurityFilterChain     : Will secure any request with [org.springframework.security.web.session.DisableEncodeUrlFilter@31940d6b, org.springframework.security.web.context.request.async.WebAsyncManagerIntegrationFilter@64cdc310, org.springframework.security.web.context.SecurityContextHolderFilter@7e7391e8, org.springframework.security.web.header.HeaderWriterFilter@1fe7fa16, org.springframework.security.web.authentication.logout.LogoutFilter@6f69e2d8, com.example.filter.JwtAuthenticationFilter@311a09b2, com.example.filter.RequestLogFilter@5d5cd210, org.springframework.security.web.authentication.UsernamePasswordAuthenticationFilter@5af641d3, org.springframework.security.web.savedrequest.RequestCacheAwareFilter@4229b92c, org.springframework.security.web.servletapi.SecurityContextHolderAwareRequestFilter@54ef9698, org.springframework.security.web.authentication.AnonymousAuthenticationFilter@7d563c13, org.springframework.security.web.session.SessionManagementFilter@1fcfcf37, org.springframework.security.web.access.ExceptionTranslationFilter@169d1f92, org.springframework.security.web.access.intercept.AuthorizationFilter@1b06dc57]
2024-03-09 11:18:48.171  WARN 13884 --- [main] (system) ocalVariableTableParameterNameDiscoverer : Using deprecated '-debug' fallback for parameter name resolution. Compile the affected code with '-parameters' instead or avoid its introspection: org.springframework.amqp.rabbit.core.RabbitAdmin
2024-03-09 11:18:48.224  INFO 13884 --- [main] (system) o.s.b.w.embedded.tomcat.TomcatWebServer  : Tomcat started on port(s): 8080 (http) with context path ''
2024-03-09 11:18:48.227  INFO 13884 --- [main] (system) o.s.a.r.c.CachingConnectionFactory       : Attempting to connect to: [localhost:5672]
2024-03-09 11:18:48.261  INFO 13884 --- [main] (system) o.s.a.r.c.CachingConnectionFactory       : Created new connection: rabbitConnectionFactory#3a0e7f89:0/SimpleConnection@477e5b69 [delegate=amqp://admin@127.0.0.1:5672/, localPort=8978]
2024-03-09 11:18:48.293  INFO 13884 --- [main] (system) com.example.ServerApplication            : Started ServerApplication in 3.191 seconds (process running for 3.662)
2024-03-09 11:18:51.678  INFO 13884 --- [http-nio-8080-exec-1] (system) o.a.c.c.C.[Tomcat].[localhost].[/]       : Initializing Spring DispatcherServlet 'dispatcherServlet'
2024-03-09 11:18:51.678  INFO 13884 --- [http-nio-8080-exec-1] (system) o.s.web.servlet.DispatcherServlet        : Initializing Servlet 'dispatcherServlet'
2024-03-09 11:18:51.679  INFO 13884 --- [http-nio-8080-exec-1] (system) o.s.web.servlet.DispatcherServlet        : Completed initialization in 1 ms
2024-03-09 11:18:52.019  INFO 13884 --- [http-nio-8080-exec-1] (79131508484476928) com.example.filter.RequestLogFilter      : 请求URL: "/monitor/detail" (POST) | 远程IP地址: 127.0.0.1 │ 身份: 未验证 | 请求参数列表: {}
2024-03-09 11:18:52.245  INFO 13884 --- [http-nio-8080-exec-1] (79131508484476928) com.example.filter.RequestLogFilter      : 请求处理耗时: 228ms | 响应结果: {"id":79131508484476928,"code":200,"data":null,"message":"请求成功"}
2024-03-09 11:18:52.742  INFO 13884 --- [http-nio-8080-exec-2] (79131511525347328) com.example.filter.RequestLogFilter      : 请求URL: "/monitor/runtime" (POST) | 远程IP地址: 127.0.0.1 │ 身份: 未验证 | 请求参数列表: {}
2024-03-09 11:18:52.758  INFO 13884 --- [http-nio-8080-exec-2] (79131511525347328) com.example.filter.RequestLogFilter      : 请求处理耗时: 16ms | 响应结果: {"id":79131511525347328,"code":200,"data":null,"message":"请求成功"}
2024-03-09 11:19:01.072  INFO 13884 --- [http-nio-8080-exec-5] (79131546463899648) com.example.filter.RequestLogFilter      : 请求URL: "/monitor/runtime" (POST) | 远程IP地址: 127.0.0.1 │ 身份: 未验证 | 请求参数列表: {}
2024-03-09 11:19:01.075  INFO 13884 --- [http-nio-8080-exec-5] (79131546463899648) com.example.filter.RequestLogFilter      : 请求处理耗时: 3ms | 响应结果: {"id":79131546463899648,"code":200,"data":null,"message":"请求成功"}
2024-03-09 11:19:11.203  INFO 13884 --- [http-nio-8080-exec-4] (79131588956393472) com.example.filter.RequestLogFilter      : 请求URL: "/monitor/runtime" (POST) | 远程IP地址: 127.0.0.1 │ 身份: 未验证 | 请求参数列表: {}
2024-03-09 11:19:11.207  INFO 13884 --- [http-nio-8080-exec-4] (79131588956393472) com.example.filter.RequestLogFilter      : 请求处理耗时: 4ms | 响应结果: {"id":79131588956393472,"code":200,"data":null,"message":"请求成功"}
2024-03-09 11:19:21.105  INFO 13884 --- [http-nio-8080-exec-3] (79131630488391680) com.example.filter.RequestLogFilter      : 请求URL: "/monitor/runtime" (POST) | 远程IP地址: 127.0.0.1 │ 身份: 未验证 | 请求参数列表: {}
2024-03-09 11:19:21.107  INFO 13884 --- [http-nio-8080-exec-3] (79131630488391680) com.example.filter.RequestLogFilter      : 请求处理耗时: 2ms | 响应结果: {"id":79131630488391680,"code":200,"data":null,"message":"请求成功"}
2024-03-09 11:19:31.107  INFO 13884 --- [http-nio-8080-exec-6] (79131672439820288) com.example.filter.RequestLogFilter      : 请求URL: "/monitor/runtime" (POST) | 远程IP地址: 127.0.0.1 │ 身份: 未验证 | 请求参数列表: {}
2024-03-09 11:19:31.109  INFO 13884 --- [http-nio-8080-exec-6] (79131672439820288) com.example.filter.RequestLogFilter      : 请求处理耗时: 2ms | 响应结果: {"id":79131672439820288,"code":200,"data":null,"message":"请求成功"}
2024-03-09 11:19:41.088  INFO 13884 --- [http-nio-8080-exec-7] (79131714303168512) com.example.filter.RequestLogFilter      : 请求URL: "/monitor/runtime" (POST) | 远程IP地址: 127.0.0.1 │ 身份: 未验证 | 请求参数列表: {}
2024-03-09 11:19:41.090  INFO 13884 --- [http-nio-8080-exec-7] (79131714303168512) com.example.filter.RequestLogFilter      : 请求处理耗时: 2ms | 响应结果: {"id":79131714303168512,"code":200,"data":null,"message":"请求成功"}
2024-03-09 11:19:51.083  INFO 13884 --- [http-nio-8080-exec-8] (79131756225236992) com.example.filter.RequestLogFilter      : 请求URL: "/monitor/runtime" (POST) | 远程IP地址: 127.0.0.1 │ 身份: 未验证 | 请求参数列表: {}
2024-03-09 11:19:51.085  INFO 13884 --- [http-nio-8080-exec-8] (79131756225236992) com.example.filter.RequestLogFilter      : 请求处理耗时: 2ms | 响应结果: {"id":79131756225236992,"code":200,"data":null,"message":"请求成功"}
2024-03-09 11:20:01.060  INFO 13884 --- [http-nio-8080-exec-9] (79131798071808000) com.example.filter.RequestLogFilter      : 请求URL: "/monitor/runtime" (POST) | 远程IP地址: 127.0.0.1 │ 身份: 未验证 | 请求参数列表: {}
2024-03-09 11:20:01.061  INFO 13884 --- [http-nio-8080-exec-9] (79131798071808000) com.example.filter.RequestLogFilter      : 请求处理耗时: 1ms | 响应结果: {"id":79131798071808000,"code":200,"data":null,"message":"请求成功"}
2024-03-09 11:20:11.099  INFO 13884 --- [http-nio-8080-exec-10] (79131840178425856) com.example.filter.RequestLogFilter      : 请求URL: "/monitor/runtime" (POST) | 远程IP地址: 127.0.0.1 │ 身份: 未验证 | 请求参数列表: {}
2024-03-09 11:20:11.102  INFO 13884 --- [http-nio-8080-exec-10] (79131840178425856) com.example.filter.RequestLogFilter      : 请求处理耗时: 3ms | 响应结果: {"id":79131840178425856,"code":200,"data":null,"message":"请求成功"}
2024-03-09 11:20:21.022  INFO 13884 --- [http-nio-8080-exec-1] (79131881798504448) com.example.filter.RequestLogFilter      : 请求URL: "/monitor/runtime" (POST) | 远程IP地址: 127.0.0.1 │ 身份: 未验证 | 请求参数列表: {}
2024-03-09 11:20:21.024  INFO 13884 --- [http-nio-8080-exec-1] (79131881798504448) com.example.filter.RequestLogFilter      : 请求处理耗时: 2ms | 响应结果: {"id":79131881798504448,"code":200,"data":null,"message":"请求成功"}
2024-03-09 11:20:31.039  INFO 13884 --- [http-nio-8080-exec-2] (79131923808653312) com.example.filter.RequestLogFilter      : 请求URL: "/monitor/runtime" (POST) | 远程IP地址: 127.0.0.1 │ 身份: 未验证 | 请求参数列表: {}
2024-03-09 11:20:31.041  INFO 13884 --- [http-nio-8080-exec-2] (79131923808653312) com.example.filter.RequestLogFilter      : 请求处理耗时: 3ms | 响应结果: {"id":79131923808653312,"code":200,"data":null,"message":"请求成功"}
2024-03-09 11:20:41.035  INFO 13884 --- [http-nio-8080-exec-5] (79131965739110400) com.example.filter.RequestLogFilter      : 请求URL: "/monitor/runtime" (POST) | 远程IP地址: 127.0.0.1 │ 身份: 未验证 | 请求参数列表: {}
2024-03-09 11:20:41.038  INFO 13884 --- [http-nio-8080-exec-5] (79131965739110400) com.example.filter.RequestLogFilter      : 请求处理耗时: 3ms | 响应结果: {"id":79131965739110400,"code":200,"data":null,"message":"请求成功"}
2024-03-09 11:20:51.055  INFO 13884 --- [http-nio-8080-exec-4] (79132007766036480) com.example.filter.RequestLogFilter      : 请求URL: "/monitor/runtime" (POST) | 远程IP地址: 127.0.0.1 │ 身份: 未验证 | 请求参数列表: {}
2024-03-09 11:20:51.059  INFO 13884 --- [http-nio-8080-exec-4] (79132007766036480) com.example.filter.RequestLogFilter      : 请求处理耗时: 4ms | 响应结果: {"id":79132007766036480,"code":200,"data":null,"message":"请求成功"}
2024-03-09 11:21:01.047  INFO 13884 --- [http-nio-8080-exec-3] (79132049675522048) com.example.filter.RequestLogFilter      : 请求URL: "/monitor/runtime" (POST) | 远程IP地址: 127.0.0.1 │ 身份: 未验证 | 请求参数列表: {}
2024-03-09 11:21:01.049  INFO 13884 --- [http-nio-8080-exec-3] (79132049675522048) com.example.filter.RequestLogFilter      : 请求处理耗时: 2ms | 响应结果: {"id":79132049675522048,"code":200,"data":null,"message":"请求成功"}
2024-03-09 11:21:11.007  INFO 13884 --- [http-nio-8080-exec-6] (79132091450789888) com.example.filter.RequestLogFilter      : 请求URL: "/monitor/runtime" (POST) | 远程IP地址: 127.0.0.1 │ 身份: 未验证 | 请求参数列表: {}
2024-03-09 11:21:11.010  INFO 13884 --- [http-nio-8080-exec-6] (79132091450789888) com.example.filter.RequestLogFilter      : 请求处理耗时: 3ms | 响应结果: {"id":79132091450789888,"code":200,"data":null,"message":"请求成功"}
2024-03-09 11:21:21.026  INFO 13884 --- [http-nio-8080-exec-7] (79132133469327360) com.example.filter.RequestLogFilter      : 请求URL: "/monitor/runtime" (POST) | 远程IP地址: 127.0.0.1 │ 身份: 未验证 | 请求参数列表: {}
2024-03-09 11:21:21.031  INFO 13884 --- [http-nio-8080-exec-7] (79132133469327360) com.example.filter.RequestLogFilter      : 请求处理耗时: 6ms | 响应结果: {"id":79132133469327360,"code":200,"data":null,"message":"请求成功"}
2024-03-09 11:21:31.022  INFO 13884 --- [http-nio-8080-exec-8] (79132175399784448) com.example.filter.RequestLogFilter      : 请求URL: "/monitor/runtime" (POST) | 远程IP地址: 127.0.0.1 │ 身份: 未验证 | 请求参数列表: {}
2024-03-09 11:21:31.026  INFO 13884 --- [http-nio-8080-exec-8] (79132175399784448) com.example.filter.RequestLogFilter      : 请求处理耗时: 4ms | 响应结果: {"id":79132175399784448,"code":200,"data":null,"message":"请求成功"}
2024-03-09 11:21:41.039  INFO 13884 --- [http-nio-8080-exec-9] (79132217414127616) com.example.filter.RequestLogFilter      : 请求URL: "/monitor/runtime" (POST) | 远程IP地址: 127.0.0.1 │ 身份: 未验证 | 请求参数列表: {}
2024-03-09 11:21:41.042  INFO 13884 --- [http-nio-8080-exec-9] (79132217414127616) com.example.filter.RequestLogFilter      : 请求处理耗时: 3ms | 响应结果: {"id":79132217414127616,"code":200,"data":null,"message":"请求成功"}
2024-03-09 11:21:51.049  INFO 13884 --- [http-nio-8080-exec-10] (79132259399110656) com.example.filter.RequestLogFilter      : 请求URL: "/monitor/runtime" (POST) | 远程IP地址: 127.0.0.1 │ 身份: 未验证 | 请求参数列表: {}
2024-03-09 11:21:51.051  INFO 13884 --- [http-nio-8080-exec-10] (79132259399110656) com.example.filter.RequestLogFilter      : 请求处理耗时: 2ms | 响应结果: {"id":79132259399110656,"code":200,"data":null,"message":"请求成功"}
2024-03-09 11:22:01.038  INFO 13884 --- [http-nio-8080-exec-1] (79132301296013312) com.example.filter.RequestLogFilter      : 请求URL: "/monitor/runtime" (POST) | 远程IP地址: 127.0.0.1 │ 身份: 未验证 | 请求参数列表: {}
2024-03-09 11:22:01.040  INFO 13884 --- [http-nio-8080-exec-1] (79132301296013312) com.example.filter.RequestLogFilter      : 请求处理耗时: 2ms | 响应结果: {"id":79132301296013312,"code":200,"data":null,"message":"请求成功"}
2024-03-09 11:22:10.980  INFO 13884 --- [http-nio-8080-exec-2] (79132342995783680) com.example.filter.RequestLogFilter      : 请求URL: "/monitor/runtime" (POST) | 远程IP地址: 127.0.0.1 │ 身份: 未验证 | 请求参数列表: {}
2024-03-09 11:22:10.982  INFO 13884 --- [http-nio-8080-exec-2] (79132342995783680) com.example.filter.RequestLogFilter      : 请求处理耗时: 2ms | 响应结果: {"id":79132342995783680,"code":200,"data":null,"message":"请求成功"}
2024-03-09 11:22:21.002  INFO 13884 --- [http-nio-8080-exec-5] (79132385026904064) com.example.filter.RequestLogFilter      : 请求URL: "/monitor/runtime" (POST) | 远程IP地址: 127.0.0.1 │ 身份: 未验证 | 请求参数列表: {}
2024-03-09 11:22:21.004  INFO 13884 --- [http-nio-8080-exec-5] (79132385026904064) com.example.filter.RequestLogFilter      : 请求处理耗时: 3ms | 响应结果: {"id":79132385026904064,"code":200,"data":null,"message":"请求成功"}
2024-03-09 11:22:31.064  INFO 13884 --- [http-nio-8080-exec-4] (79132427234185216) com.example.filter.RequestLogFilter      : 请求URL: "/monitor/runtime" (POST) | 远程IP地址: 127.0.0.1 │ 身份: 未验证 | 请求参数列表: {}
2024-03-09 11:22:31.067  INFO 13884 --- [http-nio-8080-exec-4] (79132427234185216) com.example.filter.RequestLogFilter      : 请求处理耗时: 3ms | 响应结果: {"id":79132427234185216,"code":200,"data":null,"message":"请求成功"}
2024-03-09 11:22:40.993  INFO 13884 --- [http-nio-8080-exec-3] (79132468879429632) com.example.filter.RequestLogFilter      : 请求URL: "/monitor/runtime" (POST) | 远程IP地址: 127.0.0.1 │ 身份: 未验证 | 请求参数列表: {}
2024-03-09 11:22:40.995  INFO 13884 --- [http-nio-8080-exec-3] (79132468879429632) com.example.filter.RequestLogFilter      : 请求处理耗时: 2ms | 响应结果: {"id":79132468879429632,"code":200,"data":null,"message":"请求成功"}
2024-03-09 11:22:50.991  INFO 13884 --- [http-nio-8080-exec-6] (79132510814081024) com.example.filter.RequestLogFilter      : 请求URL: "/monitor/runtime" (POST) | 远程IP地址: 127.0.0.1 │ 身份: 未验证 | 请求参数列表: {}
2024-03-09 11:22:50.994  INFO 13884 --- [http-nio-8080-exec-6] (79132510814081024) com.example.filter.RequestLogFilter      : 请求处理耗时: 3ms | 响应结果: {"id":79132510814081024,"code":200,"data":null,"message":"请求成功"}
2024-03-09 11:23:00.995  INFO 13884 --- [http-nio-8080-exec-7] (79132552769703936) com.example.filter.RequestLogFilter      : 请求URL: "/monitor/runtime" (POST) | 远程IP地址: 127.0.0.1 │ 身份: 未验证 | 请求参数列表: {}
2024-03-09 11:23:00.997  INFO 13884 --- [http-nio-8080-exec-7] (79132552769703936) com.example.filter.RequestLogFilter      : 请求处理耗时: 3ms | 响应结果: {"id":79132552769703936,"code":200,"data":null,"message":"请求成功"}
2024-03-09 11:23:11.005  INFO 13884 --- [http-nio-8080-exec-8] (79132594758881280) com.example.filter.RequestLogFilter      : 请求URL: "/monitor/runtime" (POST) | 远程IP地址: 127.0.0.1 │ 身份: 未验证 | 请求参数列表: {}
2024-03-09 11:23:11.008  INFO 13884 --- [http-nio-8080-exec-8] (79132594758881280) com.example.filter.RequestLogFilter      : 请求处理耗时: 3ms | 响应结果: {"id":79132594758881280,"code":200,"data":null,"message":"请求成功"}
2024-03-09 11:23:12.545  INFO 13884 --- [org.springframework.amqp.rabbit.RabbitListenerEndpointContainer#0-2] (system) o.s.a.r.l.SimpleMessageListenerContainer : Waiting for workers to finish.
2024-03-09 11:23:12.808  INFO 13884 --- [org.springframework.amqp.rabbit.RabbitListenerEndpointContainer#0-2] (system) o.s.a.r.l.SimpleMessageListenerContainer : Successfully waited for workers to finish.
2024-03-09 11:23:12.828  INFO 13884 --- [SpringApplicationShutdownHook] (system) com.zaxxer.hikari.HikariDataSource       : HikariPool-1 - Shutdown initiated...
2024-03-09 11:23:12.833  INFO 13884 --- [SpringApplicationShutdownHook] (system) com.zaxxer.hikari.HikariDataSource       : HikariPool-1 - Shutdown completed.
2024-03-09 15:55:10.840  INFO 3068 --- [main] (system) com.example.ServerApplication            : Starting ServerApplication using Java 17.0.8 with PID 3068 (C:\Users\yang2\Desktop\monitor\monitor\server\target\classes started by yang2 in C:\Users\yang2\Desktop\monitor\monitor)
2024-03-09 15:55:10.842  INFO 3068 --- [main] (system) com.example.ServerApplication            : The following 1 profile is active: "dev"
2024-03-09 15:55:11.742  INFO 3068 --- [main] (system) .s.d.r.c.RepositoryConfigurationDelegate : Multiple Spring Data modules found, entering strict repository configuration mode
2024-03-09 15:55:11.746  INFO 3068 --- [main] (system) .s.d.r.c.RepositoryConfigurationDelegate : Bootstrapping Spring Data Redis repositories in DEFAULT mode.
2024-03-09 15:55:11.778  INFO 3068 --- [main] (system) .s.d.r.c.RepositoryConfigurationDelegate : Finished Spring Data repository scanning in 15 ms. Found 0 Redis repository interfaces.
2024-03-09 15:55:12.589  INFO 3068 --- [main] (system) o.s.b.w.embedded.tomcat.TomcatWebServer  : Tomcat initialized with port(s): 8080 (http)
2024-03-09 15:55:12.599  INFO 3068 --- [main] (system) o.apache.catalina.core.StandardService   : Starting service [Tomcat]
2024-03-09 15:55:12.599  INFO 3068 --- [main] (system) o.apache.catalina.core.StandardEngine    : Starting Servlet engine: [Apache Tomcat/10.1.11]
2024-03-09 15:55:12.684  INFO 3068 --- [main] (system) o.a.c.c.C.[Tomcat].[localhost].[/]       : Initializing Spring embedded WebApplicationContext
2024-03-09 15:55:12.684  INFO 3068 --- [main] (system) w.s.c.ServletWebServerApplicationContext : Root WebApplicationContext: initialization completed in 1808 ms
2024-03-09 15:55:13.223 ERROR 3068 --- [main] (system) o.s.b.web.embedded.tomcat.TomcatStarter  : Error starting Tomcat context. Exception: org.springframework.beans.factory.BeanCreationException. Message: Error creating bean with name 'jwtAuthenticationFilter': Injection of resource dependencies failed
2024-03-09 15:55:13.250  INFO 3068 --- [main] (system) o.apache.catalina.core.StandardService   : Stopping service [Tomcat]
2024-03-09 15:55:13.253  WARN 3068 --- [main] (system) o.a.c.loader.WebappClassLoaderBase       : The web application [ROOT] appears to have started a thread named [lettuce-timer-3-1] but has failed to stop it. This is very likely to create a memory leak. Stack trace of thread:
 java.base@17.0.8/java.lang.Thread.sleep(Native Method)
 app//io.netty.util.HashedWheelTimer$Worker.waitForNextTick(HashedWheelTimer.java:600)
 app//io.netty.util.HashedWheelTimer$Worker.run(HashedWheelTimer.java:496)
 app//io.netty.util.concurrent.FastThreadLocalRunnable.run(FastThreadLocalRunnable.java:30)
 java.base@17.0.8/java.lang.Thread.run(Thread.java:833)
2024-03-09 15:55:13.256  WARN 3068 --- [main] (system) ConfigServletWebServerApplicationContext : Exception encountered during context initialization - cancelling refresh attempt: org.springframework.context.ApplicationContextException: Unable to start web server
2024-03-09 15:55:13.275  INFO 3068 --- [main] (system) .s.b.a.l.ConditionEvaluationReportLogger : 

Error starting ApplicationContext. To display the condition evaluation report re-run your application with 'debug' enabled.
2024-03-09 15:55:13.289 ERROR 3068 --- [main] (system) o.s.boot.SpringApplication               : Application run failed

org.springframework.context.ApplicationContextException: Unable to start web server
	at org.springframework.boot.web.servlet.context.ServletWebServerApplicationContext.onRefresh(ServletWebServerApplicationContext.java:164)
	at org.springframework.context.support.AbstractApplicationContext.refresh(AbstractApplicationContext.java:602)
	at org.springframework.boot.web.servlet.context.ServletWebServerApplicationContext.refresh(ServletWebServerApplicationContext.java:146)
	at org.springframework.boot.SpringApplication.refresh(SpringApplication.java:734)
	at org.springframework.boot.SpringApplication.refreshContext(SpringApplication.java:436)
	at org.springframework.boot.SpringApplication.run(SpringApplication.java:312)
	at org.springframework.boot.SpringApplication.run(SpringApplication.java:1306)
	at org.springframework.boot.SpringApplication.run(SpringApplication.java:1295)
	at com.example.ServerApplication.main(ServerApplication.java:10)
Caused by: org.springframework.boot.web.server.WebServerException: Unable to start embedded Tomcat
	at org.springframework.boot.web.embedded.tomcat.TomcatWebServer.initialize(TomcatWebServer.java:142)
	at org.springframework.boot.web.embedded.tomcat.TomcatWebServer.<init>(TomcatWebServer.java:104)
	at org.springframework.boot.web.embedded.tomcat.TomcatServletWebServerFactory.getTomcatWebServer(TomcatServletWebServerFactory.java:489)
	at org.springframework.boot.web.embedded.tomcat.TomcatServletWebServerFactory.getWebServer(TomcatServletWebServerFactory.java:211)
	at org.springframework.boot.web.servlet.context.ServletWebServerApplicationContext.createWebServer(ServletWebServerApplicationContext.java:183)
	at org.springframework.boot.web.servlet.context.ServletWebServerApplicationContext.onRefresh(ServletWebServerApplicationContext.java:161)
	... 8 common frames omitted
Caused by: org.springframework.beans.factory.BeanCreationException: Error creating bean with name 'jwtAuthenticationFilter': Injection of resource dependencies failed
	at org.springframework.context.annotation.CommonAnnotationBeanPostProcessor.postProcessProperties(CommonAnnotationBeanPostProcessor.java:323)
	at org.springframework.beans.factory.support.AbstractAutowireCapableBeanFactory.populateBean(AbstractAutowireCapableBeanFactory.java:1416)
	at org.springframework.beans.factory.support.AbstractAutowireCapableBeanFactory.doCreateBean(AbstractAutowireCapableBeanFactory.java:597)
	at org.springframework.beans.factory.support.AbstractAutowireCapableBeanFactory.createBean(AbstractAutowireCapableBeanFactory.java:520)
	at org.springframework.beans.factory.support.AbstractBeanFactory.lambda$doGetBean$0(AbstractBeanFactory.java:326)
	at org.springframework.beans.factory.support.DefaultSingletonBeanRegistry.getSingleton(DefaultSingletonBeanRegistry.java:234)
	at org.springframework.beans.factory.support.AbstractBeanFactory.doGetBean(AbstractBeanFactory.java:324)
	at org.springframework.beans.factory.support.AbstractBeanFactory.getBean(AbstractBeanFactory.java:205)
	at org.springframework.boot.web.servlet.ServletContextInitializerBeans.getOrderedBeansOfType(ServletContextInitializerBeans.java:210)
	at org.springframework.boot.web.servlet.ServletContextInitializerBeans.addAsRegistrationBean(ServletContextInitializerBeans.java:173)
	at org.springframework.boot.web.servlet.ServletContextInitializerBeans.addAsRegistrationBean(ServletContextInitializerBeans.java:168)
	at org.springframework.boot.web.servlet.ServletContextInitializerBeans.addAdaptableBeans(ServletContextInitializerBeans.java:153)
	at org.springframework.boot.web.servlet.ServletContextInitializerBeans.<init>(ServletContextInitializerBeans.java:86)
	at org.springframework.boot.web.servlet.context.ServletWebServerApplicationContext.getServletContextInitializerBeans(ServletWebServerApplicationContext.java:261)
	at org.springframework.boot.web.servlet.context.ServletWebServerApplicationContext.selfInitialize(ServletWebServerApplicationContext.java:235)
	at org.springframework.boot.web.embedded.tomcat.TomcatStarter.onStartup(TomcatStarter.java:52)
	at org.apache.catalina.core.StandardContext.startInternal(StandardContext.java:4886)
	at org.apache.catalina.util.LifecycleBase.start(LifecycleBase.java:183)
	at org.apache.catalina.core.ContainerBase$StartChild.call(ContainerBase.java:1328)
	at org.apache.catalina.core.ContainerBase$StartChild.call(ContainerBase.java:1318)
	at java.base/java.util.concurrent.FutureTask.run(FutureTask.java:264)
	at org.apache.tomcat.util.threads.InlineExecutorService.execute(InlineExecutorService.java:75)
	at java.base/java.util.concurrent.AbstractExecutorService.submit(AbstractExecutorService.java:145)
	at org.apache.catalina.core.ContainerBase.startInternal(ContainerBase.java:866)
	at org.apache.catalina.core.StandardHost.startInternal(StandardHost.java:846)
	at org.apache.catalina.util.LifecycleBase.start(LifecycleBase.java:183)
	at org.apache.catalina.core.ContainerBase$StartChild.call(ContainerBase.java:1328)
	at org.apache.catalina.core.ContainerBase$StartChild.call(ContainerBase.java:1318)
	at java.base/java.util.concurrent.FutureTask.run(FutureTask.java:264)
	at org.apache.tomcat.util.threads.InlineExecutorService.execute(InlineExecutorService.java:75)
	at java.base/java.util.concurrent.AbstractExecutorService.submit(AbstractExecutorService.java:145)
	at org.apache.catalina.core.ContainerBase.startInternal(ContainerBase.java:866)
	at org.apache.catalina.core.StandardEngine.startInternal(StandardEngine.java:241)
	at org.apache.catalina.util.LifecycleBase.start(LifecycleBase.java:183)
	at org.apache.catalina.core.StandardService.startInternal(StandardService.java:428)
	at org.apache.catalina.util.LifecycleBase.start(LifecycleBase.java:183)
	at org.apache.catalina.core.StandardServer.startInternal(StandardServer.java:918)
	at org.apache.catalina.util.LifecycleBase.start(LifecycleBase.java:183)
	at org.apache.catalina.startup.Tomcat.start(Tomcat.java:485)
	at org.springframework.boot.web.embedded.tomcat.TomcatWebServer.initialize(TomcatWebServer.java:123)
	... 13 common frames omitted
Caused by: org.springframework.beans.factory.BeanCreationException: Error creating bean with name 'clientServiceImpl': Injection of resource dependencies failed
	at org.springframework.context.annotation.CommonAnnotationBeanPostProcessor.postProcessProperties(CommonAnnotationBeanPostProcessor.java:323)
	at org.springframework.beans.factory.support.AbstractAutowireCapableBeanFactory.populateBean(AbstractAutowireCapableBeanFactory.java:1416)
	at org.springframework.beans.factory.support.AbstractAutowireCapableBeanFactory.doCreateBean(AbstractAutowireCapableBeanFactory.java:597)
	at org.springframework.beans.factory.support.AbstractAutowireCapableBeanFactory.createBean(AbstractAutowireCapableBeanFactory.java:520)
	at org.springframework.beans.factory.support.AbstractBeanFactory.lambda$doGetBean$0(AbstractBeanFactory.java:326)
	at org.springframework.beans.factory.support.DefaultSingletonBeanRegistry.getSingleton(DefaultSingletonBeanRegistry.java:234)
	at org.springframework.beans.factory.support.AbstractBeanFactory.doGetBean(AbstractBeanFactory.java:324)
	at org.springframework.beans.factory.support.AbstractBeanFactory.getBean(AbstractBeanFactory.java:200)
	at org.springframework.beans.factory.config.DependencyDescriptor.resolveCandidate(DependencyDescriptor.java:254)
	at org.springframework.beans.factory.support.DefaultListableBeanFactory.doResolveDependency(DefaultListableBeanFactory.java:1417)
	at org.springframework.beans.factory.support.DefaultListableBeanFactory.resolveDependency(DefaultListableBeanFactory.java:1337)
	at org.springframework.context.annotation.CommonAnnotationBeanPostProcessor.autowireResource(CommonAnnotationBeanPostProcessor.java:531)
	at org.springframework.context.annotation.CommonAnnotationBeanPostProcessor.getResource(CommonAnnotationBeanPostProcessor.java:508)
	at org.springframework.context.annotation.CommonAnnotationBeanPostProcessor$ResourceElement.getResourceToInject(CommonAnnotationBeanPostProcessor.java:659)
	at org.springframework.beans.factory.annotation.InjectionMetadata$InjectedElement.inject(InjectionMetadata.java:270)
	at org.springframework.beans.factory.annotation.InjectionMetadata.inject(InjectionMetadata.java:145)
	at org.springframework.context.annotation.CommonAnnotationBeanPostProcessor.postProcessProperties(CommonAnnotationBeanPostProcessor.java:320)
	... 52 common frames omitted
Caused by: org.springframework.beans.factory.BeanCreationException: Error creating bean with name 'influxdbUtil': Injection of autowired dependencies failed
	at org.springframework.beans.factory.annotation.AutowiredAnnotationBeanPostProcessor.postProcessProperties(AutowiredAnnotationBeanPostProcessor.java:489)
	at org.springframework.beans.factory.support.AbstractAutowireCapableBeanFactory.populateBean(AbstractAutowireCapableBeanFactory.java:1416)
	at org.springframework.beans.factory.support.AbstractAutowireCapableBeanFactory.doCreateBean(AbstractAutowireCapableBeanFactory.java:597)
	at org.springframework.beans.factory.support.AbstractAutowireCapableBeanFactory.createBean(AbstractAutowireCapableBeanFactory.java:520)
	at org.springframework.beans.factory.support.AbstractBeanFactory.lambda$doGetBean$0(AbstractBeanFactory.java:326)
	at org.springframework.beans.factory.support.DefaultSingletonBeanRegistry.getSingleton(DefaultSingletonBeanRegistry.java:234)
	at org.springframework.beans.factory.support.AbstractBeanFactory.doGetBean(AbstractBeanFactory.java:324)
	at org.springframework.beans.factory.support.AbstractBeanFactory.getBean(AbstractBeanFactory.java:200)
	at org.springframework.beans.factory.config.DependencyDescriptor.resolveCandidate(DependencyDescriptor.java:254)
	at org.springframework.beans.factory.support.DefaultListableBeanFactory.doResolveDependency(DefaultListableBeanFactory.java:1417)
	at org.springframework.beans.factory.support.DefaultListableBeanFactory.resolveDependency(DefaultListableBeanFactory.java:1337)
	at org.springframework.context.annotation.CommonAnnotationBeanPostProcessor.autowireResource(CommonAnnotationBeanPostProcessor.java:531)
	at org.springframework.context.annotation.CommonAnnotationBeanPostProcessor.getResource(CommonAnnotationBeanPostProcessor.java:508)
	at org.springframework.context.annotation.CommonAnnotationBeanPostProcessor$ResourceElement.getResourceToInject(CommonAnnotationBeanPostProcessor.java:659)
	at org.springframework.beans.factory.annotation.InjectionMetadata$InjectedElement.inject(InjectionMetadata.java:270)
	at org.springframework.beans.factory.annotation.InjectionMetadata.inject(InjectionMetadata.java:145)
	at org.springframework.context.annotation.CommonAnnotationBeanPostProcessor.postProcessProperties(CommonAnnotationBeanPostProcessor.java:320)
	... 68 common frames omitted
Caused by: java.lang.IllegalArgumentException: Could not resolve placeholder 'spring.influxdb.url' in value "${spring.influxdb.url}"
	at org.springframework.util.PropertyPlaceholderHelper.parseStringValue(PropertyPlaceholderHelper.java:180)
	at org.springframework.util.PropertyPlaceholderHelper.replacePlaceholders(PropertyPlaceholderHelper.java:126)
	at org.springframework.core.env.AbstractPropertyResolver.doResolvePlaceholders(AbstractPropertyResolver.java:239)
	at org.springframework.core.env.AbstractPropertyResolver.resolveRequiredPlaceholders(AbstractPropertyResolver.java:210)
	at org.springframework.context.support.PropertySourcesPlaceholderConfigurer.lambda$processProperties$0(PropertySourcesPlaceholderConfigurer.java:191)
	at org.springframework.beans.factory.support.AbstractBeanFactory.resolveEmbeddedValue(AbstractBeanFactory.java:920)
	at org.springframework.beans.factory.support.DefaultListableBeanFactory.doResolveDependency(DefaultListableBeanFactory.java:1358)
	at org.springframework.beans.factory.support.DefaultListableBeanFactory.resolveDependency(DefaultListableBeanFactory.java:1337)
	at org.springframework.beans.factory.annotation.AutowiredAnnotationBeanPostProcessor$AutowiredFieldElement.resolveFieldValue(AutowiredAnnotationBeanPostProcessor.java:713)
	at org.springframework.beans.factory.annotation.AutowiredAnnotationBeanPostProcessor$AutowiredFieldElement.inject(AutowiredAnnotationBeanPostProcessor.java:696)
	at org.springframework.beans.factory.annotation.InjectionMetadata.inject(InjectionMetadata.java:145)
	at org.springframework.beans.factory.annotation.AutowiredAnnotationBeanPostProcessor.postProcessProperties(AutowiredAnnotationBeanPostProcessor.java:483)
	... 84 common frames omitted

2024-03-09 15:57:40.579  INFO 9512 --- [main] (system) com.example.ServerApplication            : Starting ServerApplication using Java 17.0.8 with PID 9512 (C:\Users\yang2\Desktop\monitor\monitor\server\target\classes started by yang2 in C:\Users\yang2\Desktop\monitor\monitor)
2024-03-09 15:57:40.581  INFO 9512 --- [main] (system) com.example.ServerApplication            : The following 1 profile is active: "dev"
2024-03-09 15:57:41.261  INFO 9512 --- [main] (system) .s.d.r.c.RepositoryConfigurationDelegate : Multiple Spring Data modules found, entering strict repository configuration mode
2024-03-09 15:57:41.263  INFO 9512 --- [main] (system) .s.d.r.c.RepositoryConfigurationDelegate : Bootstrapping Spring Data Redis repositories in DEFAULT mode.
2024-03-09 15:57:41.286  INFO 9512 --- [main] (system) .s.d.r.c.RepositoryConfigurationDelegate : Finished Spring Data repository scanning in 12 ms. Found 0 Redis repository interfaces.
2024-03-09 15:57:41.882  INFO 9512 --- [main] (system) o.s.b.w.embedded.tomcat.TomcatWebServer  : Tomcat initialized with port(s): 8080 (http)
2024-03-09 15:57:41.892  INFO 9512 --- [main] (system) o.apache.catalina.core.StandardService   : Starting service [Tomcat]
2024-03-09 15:57:41.892  INFO 9512 --- [main] (system) o.apache.catalina.core.StandardEngine    : Starting Servlet engine: [Apache Tomcat/10.1.11]
2024-03-09 15:57:41.979  INFO 9512 --- [main] (system) o.a.c.c.C.[Tomcat].[localhost].[/]       : Initializing Spring embedded WebApplicationContext
2024-03-09 15:57:41.979  INFO 9512 --- [main] (system) w.s.c.ServletWebServerApplicationContext : Root WebApplicationContext: initialization completed in 1370 ms
2024-03-09 15:57:42.496 ERROR 9512 --- [main] (system) o.s.b.web.embedded.tomcat.TomcatStarter  : Error starting Tomcat context. Exception: org.springframework.beans.factory.BeanCreationException. Message: Error creating bean with name 'jwtAuthenticationFilter': Injection of resource dependencies failed
2024-03-09 15:57:42.519  INFO 9512 --- [main] (system) o.apache.catalina.core.StandardService   : Stopping service [Tomcat]
2024-03-09 15:57:42.522  WARN 9512 --- [main] (system) o.a.c.loader.WebappClassLoaderBase       : The web application [ROOT] appears to have started a thread named [lettuce-timer-3-1] but has failed to stop it. This is very likely to create a memory leak. Stack trace of thread:
 java.base@17.0.8/java.lang.Thread.sleep(Native Method)
 app//io.netty.util.HashedWheelTimer$Worker.waitForNextTick(HashedWheelTimer.java:600)
 app//io.netty.util.HashedWheelTimer$Worker.run(HashedWheelTimer.java:496)
 app//io.netty.util.concurrent.FastThreadLocalRunnable.run(FastThreadLocalRunnable.java:30)
 java.base@17.0.8/java.lang.Thread.run(Thread.java:833)
2024-03-09 15:57:42.523  WARN 9512 --- [main] (system) ConfigServletWebServerApplicationContext : Exception encountered during context initialization - cancelling refresh attempt: org.springframework.context.ApplicationContextException: Unable to start web server
2024-03-09 15:57:42.541  INFO 9512 --- [main] (system) .s.b.a.l.ConditionEvaluationReportLogger : 

Error starting ApplicationContext. To display the condition evaluation report re-run your application with 'debug' enabled.
2024-03-09 15:57:42.554 ERROR 9512 --- [main] (system) o.s.boot.SpringApplication               : Application run failed

org.springframework.context.ApplicationContextException: Unable to start web server
	at org.springframework.boot.web.servlet.context.ServletWebServerApplicationContext.onRefresh(ServletWebServerApplicationContext.java:164)
	at org.springframework.context.support.AbstractApplicationContext.refresh(AbstractApplicationContext.java:602)
	at org.springframework.boot.web.servlet.context.ServletWebServerApplicationContext.refresh(ServletWebServerApplicationContext.java:146)
	at org.springframework.boot.SpringApplication.refresh(SpringApplication.java:734)
	at org.springframework.boot.SpringApplication.refreshContext(SpringApplication.java:436)
	at org.springframework.boot.SpringApplication.run(SpringApplication.java:312)
	at org.springframework.boot.SpringApplication.run(SpringApplication.java:1306)
	at org.springframework.boot.SpringApplication.run(SpringApplication.java:1295)
	at com.example.ServerApplication.main(ServerApplication.java:10)
Caused by: org.springframework.boot.web.server.WebServerException: Unable to start embedded Tomcat
	at org.springframework.boot.web.embedded.tomcat.TomcatWebServer.initialize(TomcatWebServer.java:142)
	at org.springframework.boot.web.embedded.tomcat.TomcatWebServer.<init>(TomcatWebServer.java:104)
	at org.springframework.boot.web.embedded.tomcat.TomcatServletWebServerFactory.getTomcatWebServer(TomcatServletWebServerFactory.java:489)
	at org.springframework.boot.web.embedded.tomcat.TomcatServletWebServerFactory.getWebServer(TomcatServletWebServerFactory.java:211)
	at org.springframework.boot.web.servlet.context.ServletWebServerApplicationContext.createWebServer(ServletWebServerApplicationContext.java:183)
	at org.springframework.boot.web.servlet.context.ServletWebServerApplicationContext.onRefresh(ServletWebServerApplicationContext.java:161)
	... 8 common frames omitted
Caused by: org.springframework.beans.factory.BeanCreationException: Error creating bean with name 'jwtAuthenticationFilter': Injection of resource dependencies failed
	at org.springframework.context.annotation.CommonAnnotationBeanPostProcessor.postProcessProperties(CommonAnnotationBeanPostProcessor.java:323)
	at org.springframework.beans.factory.support.AbstractAutowireCapableBeanFactory.populateBean(AbstractAutowireCapableBeanFactory.java:1416)
	at org.springframework.beans.factory.support.AbstractAutowireCapableBeanFactory.doCreateBean(AbstractAutowireCapableBeanFactory.java:597)
	at org.springframework.beans.factory.support.AbstractAutowireCapableBeanFactory.createBean(AbstractAutowireCapableBeanFactory.java:520)
	at org.springframework.beans.factory.support.AbstractBeanFactory.lambda$doGetBean$0(AbstractBeanFactory.java:326)
	at org.springframework.beans.factory.support.DefaultSingletonBeanRegistry.getSingleton(DefaultSingletonBeanRegistry.java:234)
	at org.springframework.beans.factory.support.AbstractBeanFactory.doGetBean(AbstractBeanFactory.java:324)
	at org.springframework.beans.factory.support.AbstractBeanFactory.getBean(AbstractBeanFactory.java:205)
	at org.springframework.boot.web.servlet.ServletContextInitializerBeans.getOrderedBeansOfType(ServletContextInitializerBeans.java:210)
	at org.springframework.boot.web.servlet.ServletContextInitializerBeans.addAsRegistrationBean(ServletContextInitializerBeans.java:173)
	at org.springframework.boot.web.servlet.ServletContextInitializerBeans.addAsRegistrationBean(ServletContextInitializerBeans.java:168)
	at org.springframework.boot.web.servlet.ServletContextInitializerBeans.addAdaptableBeans(ServletContextInitializerBeans.java:153)
	at org.springframework.boot.web.servlet.ServletContextInitializerBeans.<init>(ServletContextInitializerBeans.java:86)
	at org.springframework.boot.web.servlet.context.ServletWebServerApplicationContext.getServletContextInitializerBeans(ServletWebServerApplicationContext.java:261)
	at org.springframework.boot.web.servlet.context.ServletWebServerApplicationContext.selfInitialize(ServletWebServerApplicationContext.java:235)
	at org.springframework.boot.web.embedded.tomcat.TomcatStarter.onStartup(TomcatStarter.java:52)
	at org.apache.catalina.core.StandardContext.startInternal(StandardContext.java:4886)
	at org.apache.catalina.util.LifecycleBase.start(LifecycleBase.java:183)
	at org.apache.catalina.core.ContainerBase$StartChild.call(ContainerBase.java:1328)
	at org.apache.catalina.core.ContainerBase$StartChild.call(ContainerBase.java:1318)
	at java.base/java.util.concurrent.FutureTask.run(FutureTask.java:264)
	at org.apache.tomcat.util.threads.InlineExecutorService.execute(InlineExecutorService.java:75)
	at java.base/java.util.concurrent.AbstractExecutorService.submit(AbstractExecutorService.java:145)
	at org.apache.catalina.core.ContainerBase.startInternal(ContainerBase.java:866)
	at org.apache.catalina.core.StandardHost.startInternal(StandardHost.java:846)
	at org.apache.catalina.util.LifecycleBase.start(LifecycleBase.java:183)
	at org.apache.catalina.core.ContainerBase$StartChild.call(ContainerBase.java:1328)
	at org.apache.catalina.core.ContainerBase$StartChild.call(ContainerBase.java:1318)
	at java.base/java.util.concurrent.FutureTask.run(FutureTask.java:264)
	at org.apache.tomcat.util.threads.InlineExecutorService.execute(InlineExecutorService.java:75)
	at java.base/java.util.concurrent.AbstractExecutorService.submit(AbstractExecutorService.java:145)
	at org.apache.catalina.core.ContainerBase.startInternal(ContainerBase.java:866)
	at org.apache.catalina.core.StandardEngine.startInternal(StandardEngine.java:241)
	at org.apache.catalina.util.LifecycleBase.start(LifecycleBase.java:183)
	at org.apache.catalina.core.StandardService.startInternal(StandardService.java:428)
	at org.apache.catalina.util.LifecycleBase.start(LifecycleBase.java:183)
	at org.apache.catalina.core.StandardServer.startInternal(StandardServer.java:918)
	at org.apache.catalina.util.LifecycleBase.start(LifecycleBase.java:183)
	at org.apache.catalina.startup.Tomcat.start(Tomcat.java:485)
	at org.springframework.boot.web.embedded.tomcat.TomcatWebServer.initialize(TomcatWebServer.java:123)
	... 13 common frames omitted
Caused by: org.springframework.beans.factory.BeanCreationException: Error creating bean with name 'clientServiceImpl': Injection of resource dependencies failed
	at org.springframework.context.annotation.CommonAnnotationBeanPostProcessor.postProcessProperties(CommonAnnotationBeanPostProcessor.java:323)
	at org.springframework.beans.factory.support.AbstractAutowireCapableBeanFactory.populateBean(AbstractAutowireCapableBeanFactory.java:1416)
	at org.springframework.beans.factory.support.AbstractAutowireCapableBeanFactory.doCreateBean(AbstractAutowireCapableBeanFactory.java:597)
	at org.springframework.beans.factory.support.AbstractAutowireCapableBeanFactory.createBean(AbstractAutowireCapableBeanFactory.java:520)
	at org.springframework.beans.factory.support.AbstractBeanFactory.lambda$doGetBean$0(AbstractBeanFactory.java:326)
	at org.springframework.beans.factory.support.DefaultSingletonBeanRegistry.getSingleton(DefaultSingletonBeanRegistry.java:234)
	at org.springframework.beans.factory.support.AbstractBeanFactory.doGetBean(AbstractBeanFactory.java:324)
	at org.springframework.beans.factory.support.AbstractBeanFactory.getBean(AbstractBeanFactory.java:200)
	at org.springframework.beans.factory.config.DependencyDescriptor.resolveCandidate(DependencyDescriptor.java:254)
	at org.springframework.beans.factory.support.DefaultListableBeanFactory.doResolveDependency(DefaultListableBeanFactory.java:1417)
	at org.springframework.beans.factory.support.DefaultListableBeanFactory.resolveDependency(DefaultListableBeanFactory.java:1337)
	at org.springframework.context.annotation.CommonAnnotationBeanPostProcessor.autowireResource(CommonAnnotationBeanPostProcessor.java:531)
	at org.springframework.context.annotation.CommonAnnotationBeanPostProcessor.getResource(CommonAnnotationBeanPostProcessor.java:508)
	at org.springframework.context.annotation.CommonAnnotationBeanPostProcessor$ResourceElement.getResourceToInject(CommonAnnotationBeanPostProcessor.java:659)
	at org.springframework.beans.factory.annotation.InjectionMetadata$InjectedElement.inject(InjectionMetadata.java:270)
	at org.springframework.beans.factory.annotation.InjectionMetadata.inject(InjectionMetadata.java:145)
	at org.springframework.context.annotation.CommonAnnotationBeanPostProcessor.postProcessProperties(CommonAnnotationBeanPostProcessor.java:320)
	... 52 common frames omitted
Caused by: org.springframework.beans.factory.BeanCreationException: Error creating bean with name 'influxdbUtil': Invocation of init method failed
	at org.springframework.beans.factory.annotation.InitDestroyAnnotationBeanPostProcessor.postProcessBeforeInitialization(InitDestroyAnnotationBeanPostProcessor.java:222)
	at org.springframework.beans.factory.support.AbstractAutowireCapableBeanFactory.applyBeanPostProcessorsBeforeInitialization(AbstractAutowireCapableBeanFactory.java:419)
	at org.springframework.beans.factory.support.AbstractAutowireCapableBeanFactory.initializeBean(AbstractAutowireCapableBeanFactory.java:1762)
	at org.springframework.beans.factory.support.AbstractAutowireCapableBeanFactory.doCreateBean(AbstractAutowireCapableBeanFactory.java:598)
	at org.springframework.beans.factory.support.AbstractAutowireCapableBeanFactory.createBean(AbstractAutowireCapableBeanFactory.java:520)
	at org.springframework.beans.factory.support.AbstractBeanFactory.lambda$doGetBean$0(AbstractBeanFactory.java:326)
	at org.springframework.beans.factory.support.DefaultSingletonBeanRegistry.getSingleton(DefaultSingletonBeanRegistry.java:234)
	at org.springframework.beans.factory.support.AbstractBeanFactory.doGetBean(AbstractBeanFactory.java:324)
	at org.springframework.beans.factory.support.AbstractBeanFactory.getBean(AbstractBeanFactory.java:200)
	at org.springframework.beans.factory.config.DependencyDescriptor.resolveCandidate(DependencyDescriptor.java:254)
	at org.springframework.beans.factory.support.DefaultListableBeanFactory.doResolveDependency(DefaultListableBeanFactory.java:1417)
	at org.springframework.beans.factory.support.DefaultListableBeanFactory.resolveDependency(DefaultListableBeanFactory.java:1337)
	at org.springframework.context.annotation.CommonAnnotationBeanPostProcessor.autowireResource(CommonAnnotationBeanPostProcessor.java:531)
	at org.springframework.context.annotation.CommonAnnotationBeanPostProcessor.getResource(CommonAnnotationBeanPostProcessor.java:508)
	at org.springframework.context.annotation.CommonAnnotationBeanPostProcessor$ResourceElement.getResourceToInject(CommonAnnotationBeanPostProcessor.java:659)
	at org.springframework.beans.factory.annotation.InjectionMetadata$InjectedElement.inject(InjectionMetadata.java:270)
	at org.springframework.beans.factory.annotation.InjectionMetadata.inject(InjectionMetadata.java:145)
	at org.springframework.context.annotation.CommonAnnotationBeanPostProcessor.postProcessProperties(CommonAnnotationBeanPostProcessor.java:320)
	... 68 common frames omitted
Caused by: com.influxdb.exceptions.InfluxException: Unable to parse connection string localhost:8086
	at com.influxdb.client.InfluxDBClientOptions$Builder$ParsedUrl.<init>(InfluxDBClientOptions.java:691)
	at com.influxdb.client.InfluxDBClientOptions$Builder$ParsedUrl.<init>(InfluxDBClientOptions.java:681)
	at com.influxdb.client.InfluxDBClientOptions$Builder.connectionString(InfluxDBClientOptions.java:504)
	at com.influxdb.client.InfluxDBClientOptions$Builder.url(InfluxDBClientOptions.java:288)
	at com.influxdb.client.InfluxDBClientFactory.create(InfluxDBClientFactory.java:104)
	at com.example.utils.InfluxdbUtil.init(InfluxdbUtil.java:29)
	at java.base/jdk.internal.reflect.NativeMethodAccessorImpl.invoke0(Native Method)
	at java.base/jdk.internal.reflect.NativeMethodAccessorImpl.invoke(NativeMethodAccessorImpl.java:77)
	at java.base/jdk.internal.reflect.DelegatingMethodAccessorImpl.invoke(DelegatingMethodAccessorImpl.java:43)
	at java.base/java.lang.reflect.Method.invoke(Method.java:568)
	at org.springframework.beans.factory.annotation.InitDestroyAnnotationBeanPostProcessor$LifecycleMethod.invoke(InitDestroyAnnotationBeanPostProcessor.java:457)
	at org.springframework.beans.factory.annotation.InitDestroyAnnotationBeanPostProcessor$LifecycleMetadata.invokeInitMethods(InitDestroyAnnotationBeanPostProcessor.java:401)
	at org.springframework.beans.factory.annotation.InitDestroyAnnotationBeanPostProcessor.postProcessBeforeInitialization(InitDestroyAnnotationBeanPostProcessor.java:219)
	... 85 common frames omitted

2024-03-09 15:58:53.726  INFO 6380 --- [main] (system) com.example.ServerApplication            : Starting ServerApplication using Java 17.0.8 with PID 6380 (C:\Users\yang2\Desktop\monitor\monitor\server\target\classes started by yang2 in C:\Users\yang2\Desktop\monitor\monitor)
2024-03-09 15:58:53.728  INFO 6380 --- [main] (system) com.example.ServerApplication            : The following 1 profile is active: "dev"
2024-03-09 15:58:54.401  INFO 6380 --- [main] (system) .s.d.r.c.RepositoryConfigurationDelegate : Multiple Spring Data modules found, entering strict repository configuration mode
2024-03-09 15:58:54.405  INFO 6380 --- [main] (system) .s.d.r.c.RepositoryConfigurationDelegate : Bootstrapping Spring Data Redis repositories in DEFAULT mode.
2024-03-09 15:58:54.433  INFO 6380 --- [main] (system) .s.d.r.c.RepositoryConfigurationDelegate : Finished Spring Data repository scanning in 12 ms. Found 0 Redis repository interfaces.
2024-03-09 15:58:55.119  INFO 6380 --- [main] (system) o.s.b.w.embedded.tomcat.TomcatWebServer  : Tomcat initialized with port(s): 8080 (http)
2024-03-09 15:58:55.129  INFO 6380 --- [main] (system) o.apache.catalina.core.StandardService   : Starting service [Tomcat]
2024-03-09 15:58:55.129  INFO 6380 --- [main] (system) o.apache.catalina.core.StandardEngine    : Starting Servlet engine: [Apache Tomcat/10.1.11]
2024-03-09 15:58:55.217  INFO 6380 --- [main] (system) o.a.c.c.C.[Tomcat].[localhost].[/]       : Initializing Spring embedded WebApplicationContext
2024-03-09 15:58:55.218  INFO 6380 --- [main] (system) w.s.c.ServletWebServerApplicationContext : Root WebApplicationContext: initialization completed in 1462 ms
2024-03-09 15:58:55.754 ERROR 6380 --- [main] (system) o.s.b.web.embedded.tomcat.TomcatStarter  : Error starting Tomcat context. Exception: org.springframework.beans.factory.BeanCreationException. Message: Error creating bean with name 'jwtAuthenticationFilter': Injection of resource dependencies failed
2024-03-09 15:58:55.776  INFO 6380 --- [main] (system) o.apache.catalina.core.StandardService   : Stopping service [Tomcat]
2024-03-09 15:58:55.779  WARN 6380 --- [main] (system) o.a.c.loader.WebappClassLoaderBase       : The web application [ROOT] appears to have started a thread named [lettuce-timer-3-1] but has failed to stop it. This is very likely to create a memory leak. Stack trace of thread:
 java.base@17.0.8/java.lang.Thread.sleep(Native Method)
 app//io.netty.util.HashedWheelTimer$Worker.waitForNextTick(HashedWheelTimer.java:600)
 app//io.netty.util.HashedWheelTimer$Worker.run(HashedWheelTimer.java:496)
 app//io.netty.util.concurrent.FastThreadLocalRunnable.run(FastThreadLocalRunnable.java:30)
 java.base@17.0.8/java.lang.Thread.run(Thread.java:833)
2024-03-09 15:58:55.781  WARN 6380 --- [main] (system) ConfigServletWebServerApplicationContext : Exception encountered during context initialization - cancelling refresh attempt: org.springframework.context.ApplicationContextException: Unable to start web server
2024-03-09 15:58:55.797  INFO 6380 --- [main] (system) .s.b.a.l.ConditionEvaluationReportLogger : 

Error starting ApplicationContext. To display the condition evaluation report re-run your application with 'debug' enabled.
2024-03-09 15:58:55.809 ERROR 6380 --- [main] (system) o.s.boot.SpringApplication               : Application run failed

org.springframework.context.ApplicationContextException: Unable to start web server
	at org.springframework.boot.web.servlet.context.ServletWebServerApplicationContext.onRefresh(ServletWebServerApplicationContext.java:164)
	at org.springframework.context.support.AbstractApplicationContext.refresh(AbstractApplicationContext.java:602)
	at org.springframework.boot.web.servlet.context.ServletWebServerApplicationContext.refresh(ServletWebServerApplicationContext.java:146)
	at org.springframework.boot.SpringApplication.refresh(SpringApplication.java:734)
	at org.springframework.boot.SpringApplication.refreshContext(SpringApplication.java:436)
	at org.springframework.boot.SpringApplication.run(SpringApplication.java:312)
	at org.springframework.boot.SpringApplication.run(SpringApplication.java:1306)
	at org.springframework.boot.SpringApplication.run(SpringApplication.java:1295)
	at com.example.ServerApplication.main(ServerApplication.java:10)
Caused by: org.springframework.boot.web.server.WebServerException: Unable to start embedded Tomcat
	at org.springframework.boot.web.embedded.tomcat.TomcatWebServer.initialize(TomcatWebServer.java:142)
	at org.springframework.boot.web.embedded.tomcat.TomcatWebServer.<init>(TomcatWebServer.java:104)
	at org.springframework.boot.web.embedded.tomcat.TomcatServletWebServerFactory.getTomcatWebServer(TomcatServletWebServerFactory.java:489)
	at org.springframework.boot.web.embedded.tomcat.TomcatServletWebServerFactory.getWebServer(TomcatServletWebServerFactory.java:211)
	at org.springframework.boot.web.servlet.context.ServletWebServerApplicationContext.createWebServer(ServletWebServerApplicationContext.java:183)
	at org.springframework.boot.web.servlet.context.ServletWebServerApplicationContext.onRefresh(ServletWebServerApplicationContext.java:161)
	... 8 common frames omitted
Caused by: org.springframework.beans.factory.BeanCreationException: Error creating bean with name 'jwtAuthenticationFilter': Injection of resource dependencies failed
	at org.springframework.context.annotation.CommonAnnotationBeanPostProcessor.postProcessProperties(CommonAnnotationBeanPostProcessor.java:323)
	at org.springframework.beans.factory.support.AbstractAutowireCapableBeanFactory.populateBean(AbstractAutowireCapableBeanFactory.java:1416)
	at org.springframework.beans.factory.support.AbstractAutowireCapableBeanFactory.doCreateBean(AbstractAutowireCapableBeanFactory.java:597)
	at org.springframework.beans.factory.support.AbstractAutowireCapableBeanFactory.createBean(AbstractAutowireCapableBeanFactory.java:520)
	at org.springframework.beans.factory.support.AbstractBeanFactory.lambda$doGetBean$0(AbstractBeanFactory.java:326)
	at org.springframework.beans.factory.support.DefaultSingletonBeanRegistry.getSingleton(DefaultSingletonBeanRegistry.java:234)
	at org.springframework.beans.factory.support.AbstractBeanFactory.doGetBean(AbstractBeanFactory.java:324)
	at org.springframework.beans.factory.support.AbstractBeanFactory.getBean(AbstractBeanFactory.java:205)
	at org.springframework.boot.web.servlet.ServletContextInitializerBeans.getOrderedBeansOfType(ServletContextInitializerBeans.java:210)
	at org.springframework.boot.web.servlet.ServletContextInitializerBeans.addAsRegistrationBean(ServletContextInitializerBeans.java:173)
	at org.springframework.boot.web.servlet.ServletContextInitializerBeans.addAsRegistrationBean(ServletContextInitializerBeans.java:168)
	at org.springframework.boot.web.servlet.ServletContextInitializerBeans.addAdaptableBeans(ServletContextInitializerBeans.java:153)
	at org.springframework.boot.web.servlet.ServletContextInitializerBeans.<init>(ServletContextInitializerBeans.java:86)
	at org.springframework.boot.web.servlet.context.ServletWebServerApplicationContext.getServletContextInitializerBeans(ServletWebServerApplicationContext.java:261)
	at org.springframework.boot.web.servlet.context.ServletWebServerApplicationContext.selfInitialize(ServletWebServerApplicationContext.java:235)
	at org.springframework.boot.web.embedded.tomcat.TomcatStarter.onStartup(TomcatStarter.java:52)
	at org.apache.catalina.core.StandardContext.startInternal(StandardContext.java:4886)
	at org.apache.catalina.util.LifecycleBase.start(LifecycleBase.java:183)
	at org.apache.catalina.core.ContainerBase$StartChild.call(ContainerBase.java:1328)
	at org.apache.catalina.core.ContainerBase$StartChild.call(ContainerBase.java:1318)
	at java.base/java.util.concurrent.FutureTask.run(FutureTask.java:264)
	at org.apache.tomcat.util.threads.InlineExecutorService.execute(InlineExecutorService.java:75)
	at java.base/java.util.concurrent.AbstractExecutorService.submit(AbstractExecutorService.java:145)
	at org.apache.catalina.core.ContainerBase.startInternal(ContainerBase.java:866)
	at org.apache.catalina.core.StandardHost.startInternal(StandardHost.java:846)
	at org.apache.catalina.util.LifecycleBase.start(LifecycleBase.java:183)
	at org.apache.catalina.core.ContainerBase$StartChild.call(ContainerBase.java:1328)
	at org.apache.catalina.core.ContainerBase$StartChild.call(ContainerBase.java:1318)
	at java.base/java.util.concurrent.FutureTask.run(FutureTask.java:264)
	at org.apache.tomcat.util.threads.InlineExecutorService.execute(InlineExecutorService.java:75)
	at java.base/java.util.concurrent.AbstractExecutorService.submit(AbstractExecutorService.java:145)
	at org.apache.catalina.core.ContainerBase.startInternal(ContainerBase.java:866)
	at org.apache.catalina.core.StandardEngine.startInternal(StandardEngine.java:241)
	at org.apache.catalina.util.LifecycleBase.start(LifecycleBase.java:183)
	at org.apache.catalina.core.StandardService.startInternal(StandardService.java:428)
	at org.apache.catalina.util.LifecycleBase.start(LifecycleBase.java:183)
	at org.apache.catalina.core.StandardServer.startInternal(StandardServer.java:918)
	at org.apache.catalina.util.LifecycleBase.start(LifecycleBase.java:183)
	at org.apache.catalina.startup.Tomcat.start(Tomcat.java:485)
	at org.springframework.boot.web.embedded.tomcat.TomcatWebServer.initialize(TomcatWebServer.java:123)
	... 13 common frames omitted
Caused by: org.springframework.beans.factory.BeanCreationException: Error creating bean with name 'clientServiceImpl': Injection of resource dependencies failed
	at org.springframework.context.annotation.CommonAnnotationBeanPostProcessor.postProcessProperties(CommonAnnotationBeanPostProcessor.java:323)
	at org.springframework.beans.factory.support.AbstractAutowireCapableBeanFactory.populateBean(AbstractAutowireCapableBeanFactory.java:1416)
	at org.springframework.beans.factory.support.AbstractAutowireCapableBeanFactory.doCreateBean(AbstractAutowireCapableBeanFactory.java:597)
	at org.springframework.beans.factory.support.AbstractAutowireCapableBeanFactory.createBean(AbstractAutowireCapableBeanFactory.java:520)
	at org.springframework.beans.factory.support.AbstractBeanFactory.lambda$doGetBean$0(AbstractBeanFactory.java:326)
	at org.springframework.beans.factory.support.DefaultSingletonBeanRegistry.getSingleton(DefaultSingletonBeanRegistry.java:234)
	at org.springframework.beans.factory.support.AbstractBeanFactory.doGetBean(AbstractBeanFactory.java:324)
	at org.springframework.beans.factory.support.AbstractBeanFactory.getBean(AbstractBeanFactory.java:200)
	at org.springframework.beans.factory.config.DependencyDescriptor.resolveCandidate(DependencyDescriptor.java:254)
	at org.springframework.beans.factory.support.DefaultListableBeanFactory.doResolveDependency(DefaultListableBeanFactory.java:1417)
	at org.springframework.beans.factory.support.DefaultListableBeanFactory.resolveDependency(DefaultListableBeanFactory.java:1337)
	at org.springframework.context.annotation.CommonAnnotationBeanPostProcessor.autowireResource(CommonAnnotationBeanPostProcessor.java:531)
	at org.springframework.context.annotation.CommonAnnotationBeanPostProcessor.getResource(CommonAnnotationBeanPostProcessor.java:508)
	at org.springframework.context.annotation.CommonAnnotationBeanPostProcessor$ResourceElement.getResourceToInject(CommonAnnotationBeanPostProcessor.java:659)
	at org.springframework.beans.factory.annotation.InjectionMetadata$InjectedElement.inject(InjectionMetadata.java:270)
	at org.springframework.beans.factory.annotation.InjectionMetadata.inject(InjectionMetadata.java:145)
	at org.springframework.context.annotation.CommonAnnotationBeanPostProcessor.postProcessProperties(CommonAnnotationBeanPostProcessor.java:320)
	... 52 common frames omitted
Caused by: org.springframework.beans.factory.BeanCreationException: Error creating bean with name 'influxdbUtil': Invocation of init method failed
	at org.springframework.beans.factory.annotation.InitDestroyAnnotationBeanPostProcessor.postProcessBeforeInitialization(InitDestroyAnnotationBeanPostProcessor.java:222)
	at org.springframework.beans.factory.support.AbstractAutowireCapableBeanFactory.applyBeanPostProcessorsBeforeInitialization(AbstractAutowireCapableBeanFactory.java:419)
	at org.springframework.beans.factory.support.AbstractAutowireCapableBeanFactory.initializeBean(AbstractAutowireCapableBeanFactory.java:1762)
	at org.springframework.beans.factory.support.AbstractAutowireCapableBeanFactory.doCreateBean(AbstractAutowireCapableBeanFactory.java:598)
	at org.springframework.beans.factory.support.AbstractAutowireCapableBeanFactory.createBean(AbstractAutowireCapableBeanFactory.java:520)
	at org.springframework.beans.factory.support.AbstractBeanFactory.lambda$doGetBean$0(AbstractBeanFactory.java:326)
	at org.springframework.beans.factory.support.DefaultSingletonBeanRegistry.getSingleton(DefaultSingletonBeanRegistry.java:234)
	at org.springframework.beans.factory.support.AbstractBeanFactory.doGetBean(AbstractBeanFactory.java:324)
	at org.springframework.beans.factory.support.AbstractBeanFactory.getBean(AbstractBeanFactory.java:200)
	at org.springframework.beans.factory.config.DependencyDescriptor.resolveCandidate(DependencyDescriptor.java:254)
	at org.springframework.beans.factory.support.DefaultListableBeanFactory.doResolveDependency(DefaultListableBeanFactory.java:1417)
	at org.springframework.beans.factory.support.DefaultListableBeanFactory.resolveDependency(DefaultListableBeanFactory.java:1337)
	at org.springframework.context.annotation.CommonAnnotationBeanPostProcessor.autowireResource(CommonAnnotationBeanPostProcessor.java:531)
	at org.springframework.context.annotation.CommonAnnotationBeanPostProcessor.getResource(CommonAnnotationBeanPostProcessor.java:508)
	at org.springframework.context.annotation.CommonAnnotationBeanPostProcessor$ResourceElement.getResourceToInject(CommonAnnotationBeanPostProcessor.java:659)
	at org.springframework.beans.factory.annotation.InjectionMetadata$InjectedElement.inject(InjectionMetadata.java:270)
	at org.springframework.beans.factory.annotation.InjectionMetadata.inject(InjectionMetadata.java:145)
	at org.springframework.context.annotation.CommonAnnotationBeanPostProcessor.postProcessProperties(CommonAnnotationBeanPostProcessor.java:320)
	... 68 common frames omitted
Caused by: com.influxdb.exceptions.InfluxException: Unable to parse connection string localhost:8086
	at com.influxdb.client.InfluxDBClientOptions$Builder$ParsedUrl.<init>(InfluxDBClientOptions.java:691)
	at com.influxdb.client.InfluxDBClientOptions$Builder$ParsedUrl.<init>(InfluxDBClientOptions.java:681)
	at com.influxdb.client.InfluxDBClientOptions$Builder.connectionString(InfluxDBClientOptions.java:504)
	at com.influxdb.client.InfluxDBClientOptions$Builder.url(InfluxDBClientOptions.java:288)
	at com.influxdb.client.InfluxDBClientFactory.create(InfluxDBClientFactory.java:104)
	at com.example.utils.InfluxdbUtil.init(InfluxdbUtil.java:29)
	at java.base/jdk.internal.reflect.NativeMethodAccessorImpl.invoke0(Native Method)
	at java.base/jdk.internal.reflect.NativeMethodAccessorImpl.invoke(NativeMethodAccessorImpl.java:77)
	at java.base/jdk.internal.reflect.DelegatingMethodAccessorImpl.invoke(DelegatingMethodAccessorImpl.java:43)
	at java.base/java.lang.reflect.Method.invoke(Method.java:568)
	at org.springframework.beans.factory.annotation.InitDestroyAnnotationBeanPostProcessor$LifecycleMethod.invoke(InitDestroyAnnotationBeanPostProcessor.java:457)
	at org.springframework.beans.factory.annotation.InitDestroyAnnotationBeanPostProcessor$LifecycleMetadata.invokeInitMethods(InitDestroyAnnotationBeanPostProcessor.java:401)
	at org.springframework.beans.factory.annotation.InitDestroyAnnotationBeanPostProcessor.postProcessBeforeInitialization(InitDestroyAnnotationBeanPostProcessor.java:219)
	... 85 common frames omitted

2024-03-09 16:00:21.584  INFO 24632 --- [main] (system) com.example.ServerApplication            : Starting ServerApplication using Java 17.0.8 with PID 24632 (C:\Users\yang2\Desktop\monitor\monitor\server\target\classes started by yang2 in C:\Users\yang2\Desktop\monitor\monitor)
2024-03-09 16:00:21.586  INFO 24632 --- [main] (system) com.example.ServerApplication            : The following 1 profile is active: "dev"
2024-03-09 16:00:22.255  INFO 24632 --- [main] (system) .s.d.r.c.RepositoryConfigurationDelegate : Multiple Spring Data modules found, entering strict repository configuration mode
2024-03-09 16:00:22.258  INFO 24632 --- [main] (system) .s.d.r.c.RepositoryConfigurationDelegate : Bootstrapping Spring Data Redis repositories in DEFAULT mode.
2024-03-09 16:00:22.280  INFO 24632 --- [main] (system) .s.d.r.c.RepositoryConfigurationDelegate : Finished Spring Data repository scanning in 10 ms. Found 0 Redis repository interfaces.
2024-03-09 16:00:22.900  INFO 24632 --- [main] (system) o.s.b.w.embedded.tomcat.TomcatWebServer  : Tomcat initialized with port(s): 8080 (http)
2024-03-09 16:00:22.909  INFO 24632 --- [main] (system) o.apache.catalina.core.StandardService   : Starting service [Tomcat]
2024-03-09 16:00:22.910  INFO 24632 --- [main] (system) o.apache.catalina.core.StandardEngine    : Starting Servlet engine: [Apache Tomcat/10.1.11]
2024-03-09 16:00:23.001  INFO 24632 --- [main] (system) o.a.c.c.C.[Tomcat].[localhost].[/]       : Initializing Spring embedded WebApplicationContext
2024-03-09 16:00:23.002  INFO 24632 --- [main] (system) w.s.c.ServletWebServerApplicationContext : Root WebApplicationContext: initialization completed in 1388 ms
2024-03-09 16:00:23.821  INFO 24632 --- [main] (system) com.zaxxer.hikari.HikariDataSource       : HikariPool-1 - Starting...
2024-03-09 16:00:24.067  INFO 24632 --- [main] (system) com.zaxxer.hikari.pool.HikariPool        : HikariPool-1 - Added connection com.mysql.cj.jdbc.ConnectionImpl@50930bff
2024-03-09 16:00:24.068  INFO 24632 --- [main] (system) com.zaxxer.hikari.HikariDataSource       : HikariPool-1 - Start completed.
2024-03-09 16:00:24.648  INFO 24632 --- [main] (system) o.s.s.web.DefaultSecurityFilterChain     : Will secure any request with [org.springframework.security.web.session.DisableEncodeUrlFilter@4280b20b, org.springframework.security.web.context.request.async.WebAsyncManagerIntegrationFilter@50e4d8cd, org.springframework.security.web.context.SecurityContextHolderFilter@23dda7a3, org.springframework.security.web.header.HeaderWriterFilter@1d4c6e32, org.springframework.security.web.authentication.logout.LogoutFilter@3889c343, com.example.filter.JwtAuthenticationFilter@534d0cfa, com.example.filter.RequestLogFilter@61ca5134, org.springframework.security.web.authentication.UsernamePasswordAuthenticationFilter@646ddc20, org.springframework.security.web.savedrequest.RequestCacheAwareFilter@18139a43, org.springframework.security.web.servletapi.SecurityContextHolderAwareRequestFilter@6632eb19, org.springframework.security.web.authentication.AnonymousAuthenticationFilter@4b37d1a4, org.springframework.security.web.session.SessionManagementFilter@1d126f07, org.springframework.security.web.access.ExceptionTranslationFilter@1f602930, org.springframework.security.web.access.intercept.AuthorizationFilter@5a941fb4]
2024-03-09 16:00:25.047  WARN 24632 --- [main] (system) ocalVariableTableParameterNameDiscoverer : Using deprecated '-debug' fallback for parameter name resolution. Compile the affected code with '-parameters' instead or avoid its introspection: org.springframework.amqp.rabbit.core.RabbitAdmin
2024-03-09 16:00:25.107  INFO 24632 --- [main] (system) o.s.b.w.embedded.tomcat.TomcatWebServer  : Tomcat started on port(s): 8080 (http) with context path ''
2024-03-09 16:00:25.110  INFO 24632 --- [main] (system) o.s.a.r.c.CachingConnectionFactory       : Attempting to connect to: [localhost:5672]
2024-03-09 16:00:25.162  INFO 24632 --- [main] (system) o.s.a.r.c.CachingConnectionFactory       : Created new connection: rabbitConnectionFactory#6fdd3382:0/SimpleConnection@d695f9d [delegate=amqp://admin@127.0.0.1:5672/, localPort=6463]
2024-03-09 16:00:25.199  INFO 24632 --- [main] (system) com.example.ServerApplication            : Started ServerApplication in 4.023 seconds (process running for 4.552)
2024-03-09 16:00:52.672  INFO 24632 --- [http-nio-8080-exec-1] (system) o.a.c.c.C.[Tomcat].[localhost].[/]       : Initializing Spring DispatcherServlet 'dispatcherServlet'
2024-03-09 16:00:52.672  INFO 24632 --- [http-nio-8080-exec-1] (system) o.s.web.servlet.DispatcherServlet        : Initializing Servlet 'dispatcherServlet'
2024-03-09 16:00:52.673  INFO 24632 --- [http-nio-8080-exec-1] (system) o.s.web.servlet.DispatcherServlet        : Completed initialization in 1 ms
2024-03-09 16:00:53.072  INFO 24632 --- [http-nio-8080-exec-1] (79202480524759040) com.example.filter.RequestLogFilter      : 请求URL: "/monitor/detail" (POST) | 远程IP地址: 127.0.0.1 │ 身份: 未验证 | 请求参数列表: {}
2024-03-09 16:00:53.339  INFO 24632 --- [http-nio-8080-exec-1] (79202480524759040) com.example.filter.RequestLogFilter      : 请求处理耗时: 269ms | 响应结果: {"id":79202480524759040,"code":200,"data":null,"message":"请求成功"}
2024-03-09 16:08:30.675  INFO 24632 --- [org.springframework.amqp.rabbit.RabbitListenerEndpointContainer#0-2] (system) o.s.a.r.l.SimpleMessageListenerContainer : Waiting for workers to finish.
2024-03-09 16:08:30.791  INFO 24632 --- [org.springframework.amqp.rabbit.RabbitListenerEndpointContainer#0-2] (system) o.s.a.r.l.SimpleMessageListenerContainer : Successfully waited for workers to finish.
2024-03-09 16:08:30.822  INFO 24632 --- [SpringApplicationShutdownHook] (system) com.zaxxer.hikari.HikariDataSource       : HikariPool-1 - Shutdown initiated...
2024-03-09 16:08:30.828  INFO 24632 --- [SpringApplicationShutdownHook] (system) com.zaxxer.hikari.HikariDataSource       : HikariPool-1 - Shutdown completed.
2024-03-09 20:38:04.561  INFO 4264 --- [main] (system) com.example.ServerApplication            : Starting ServerApplication using Java 17.0.8 with PID 4264 (C:\Users\yang2\Desktop\monitor\monitor\server\target\classes started by yang2 in C:\Users\yang2\Desktop\monitor\monitor)
2024-03-09 20:38:04.563  INFO 4264 --- [main] (system) com.example.ServerApplication            : The following 1 profile is active: "dev"
2024-03-09 20:38:05.508  INFO 4264 --- [main] (system) .s.d.r.c.RepositoryConfigurationDelegate : Multiple Spring Data modules found, entering strict repository configuration mode
2024-03-09 20:38:05.511  INFO 4264 --- [main] (system) .s.d.r.c.RepositoryConfigurationDelegate : Bootstrapping Spring Data Redis repositories in DEFAULT mode.
2024-03-09 20:38:05.536  INFO 4264 --- [main] (system) .s.d.r.c.RepositoryConfigurationDelegate : Finished Spring Data repository scanning in 10 ms. Found 0 Redis repository interfaces.
2024-03-09 20:38:06.349  INFO 4264 --- [main] (system) o.s.b.w.embedded.tomcat.TomcatWebServer  : Tomcat initialized with port(s): 8080 (http)
2024-03-09 20:38:06.359  INFO 4264 --- [main] (system) o.apache.catalina.core.StandardService   : Starting service [Tomcat]
2024-03-09 20:38:06.359  INFO 4264 --- [main] (system) o.apache.catalina.core.StandardEngine    : Starting Servlet engine: [Apache Tomcat/10.1.11]
2024-03-09 20:38:06.441  INFO 4264 --- [main] (system) o.a.c.c.C.[Tomcat].[localhost].[/]       : Initializing Spring embedded WebApplicationContext
2024-03-09 20:38:06.441  INFO 4264 --- [main] (system) w.s.c.ServletWebServerApplicationContext : Root WebApplicationContext: initialization completed in 1832 ms
2024-03-09 20:38:07.730  INFO 4264 --- [main] (system) com.zaxxer.hikari.HikariDataSource       : HikariPool-1 - Starting...
2024-03-09 20:38:08.011  INFO 4264 --- [main] (system) com.zaxxer.hikari.pool.HikariPool        : HikariPool-1 - Added connection com.mysql.cj.jdbc.ConnectionImpl@2d23a5be
2024-03-09 20:38:08.014  INFO 4264 --- [main] (system) com.zaxxer.hikari.HikariDataSource       : HikariPool-1 - Start completed.
2024-03-09 20:38:08.710  INFO 4264 --- [main] (system) o.s.s.web.DefaultSecurityFilterChain     : Will secure any request with [org.springframework.security.web.session.DisableEncodeUrlFilter@6500e886, org.springframework.security.web.context.request.async.WebAsyncManagerIntegrationFilter@220e1b7b, org.springframework.security.web.context.SecurityContextHolderFilter@6d94a966, org.springframework.security.web.header.HeaderWriterFilter@1f370472, org.springframework.security.web.authentication.logout.LogoutFilter@165a5979, com.example.filter.JwtAuthenticationFilter@7146c6ea, com.example.filter.RequestLogFilter@1d33e72e, org.springframework.security.web.authentication.UsernamePasswordAuthenticationFilter@3889c343, org.springframework.security.web.savedrequest.RequestCacheAwareFilter@445b4594, org.springframework.security.web.servletapi.SecurityContextHolderAwareRequestFilter@3a5ffea, org.springframework.security.web.authentication.AnonymousAuthenticationFilter@54fd5759, org.springframework.security.web.session.SessionManagementFilter@3ace65df, org.springframework.security.web.access.ExceptionTranslationFilter@167f9043, org.springframework.security.web.access.intercept.AuthorizationFilter@61ec2cb5]
2024-03-09 20:38:09.026  WARN 4264 --- [main] (system) ocalVariableTableParameterNameDiscoverer : Using deprecated '-debug' fallback for parameter name resolution. Compile the affected code with '-parameters' instead or avoid its introspection: org.springframework.amqp.rabbit.core.RabbitAdmin
2024-03-09 20:38:09.092  INFO 4264 --- [main] (system) o.s.b.w.embedded.tomcat.TomcatWebServer  : Tomcat started on port(s): 8080 (http) with context path ''
2024-03-09 20:38:09.097  INFO 4264 --- [main] (system) o.s.a.r.c.CachingConnectionFactory       : Attempting to connect to: [localhost:5672]
2024-03-09 20:38:09.154  INFO 4264 --- [main] (system) o.s.a.r.c.CachingConnectionFactory       : Created new connection: rabbitConnectionFactory#6d41200c:0/SimpleConnection@4cd7128 [delegate=amqp://admin@127.0.0.1:5672/, localPort=5419]
2024-03-09 20:38:09.195  INFO 4264 --- [main] (system) com.example.ServerApplication            : Started ServerApplication in 5.31 seconds (process running for 6.104)
2024-03-09 20:38:11.687  INFO 4264 --- [http-nio-8080-exec-1] (system) o.a.c.c.C.[Tomcat].[localhost].[/]       : Initializing Spring DispatcherServlet 'dispatcherServlet'
2024-03-09 20:38:11.688  INFO 4264 --- [http-nio-8080-exec-1] (system) o.s.web.servlet.DispatcherServlet        : Initializing Servlet 'dispatcherServlet'
2024-03-09 20:38:11.689  INFO 4264 --- [http-nio-8080-exec-1] (system) o.s.web.servlet.DispatcherServlet        : Completed initialization in 1 ms
2024-03-09 20:38:12.090  INFO 4264 --- [http-nio-8080-exec-1] (79272269620318208) com.example.filter.RequestLogFilter      : 请求URL: "/api/auth/login" (POST) | 远程IP地址: 0:0:0:0:0:0:0:1 │ 身份: 未验证 | 请求参数列表: {"username":"test","password":"123456"}
2024-03-09 20:38:12.400  INFO 4264 --- [http-nio-8080-exec-1] (79272269620318208) com.example.filter.RequestLogFilter      : 请求处理耗时: 313ms | 响应结果: {"code":401,"data":null,"id":79272269620318208,"message":"用户名或密码错误"}
2024-03-09 20:38:16.814  INFO 4264 --- [http-nio-8080-exec-3] (79272289446793216) com.example.filter.RequestLogFilter      : 请求URL: "/api/auth/login" (POST) | 远程IP地址: 0:0:0:0:0:0:0:1 │ 身份: 未验证 | 请求参数列表: {"username":"admin","password":"123456"}
2024-03-09 20:38:16.923  INFO 4264 --- [http-nio-8080-exec-3] (79272289446793216) com.example.filter.RequestLogFilter      : 请求处理耗时: 109ms | 响应结果: {"code":200,"data":{"expire":"2024-03-12 20:38:16.917","role":"admin","token":"eyJ0eXAiOiJKV1QiLCJhbGciOiJIUzI1NiJ9.eyJuYW1lIjoiYWRtaW4iLCJpZCI6MSwiZXhwIjoxNzEwMjQ3MDk2LCJpYXQiOjE3MDk5ODc4OTYsImp0aSI6IjdjY2IxMmY1LTE0NDEtNDIzZS1iYmIwLTViNTVhNTg3ZTA1MSIsImF1dGhvcml0aWVzIjpbIlJPTEVfYWRtaW4iXX0.KHWYu-biQyrcqxlnY4ip6wNExs-ZxzVJxi0nuWd_1Ck","username":"admin"},"id":79272289446793216,"message":"请求成功"}
2024-03-09 21:13:14.913  INFO 4264 --- [http-nio-8080-exec-5] (79281089499238400) com.example.filter.RequestLogFilter      : 请求URL: "/api/auth/logout" (OPTIONS) | 远程IP地址: 0:0:0:0:0:0:0:1 │ 身份: 未验证 | 请求参数列表: {}
2024-03-09 21:13:15.089  INFO 4264 --- [http-nio-8080-exec-5] (79281089499238400) com.example.filter.RequestLogFilter      : 请求处理耗时: 179ms | 响应结果: 
2024-03-09 21:13:17.803  INFO 4264 --- [http-nio-8080-exec-8] (79281101633359872) com.example.filter.RequestLogFilter      : 请求URL: "/api/auth/login" (POST) | 远程IP地址: 0:0:0:0:0:0:0:1 │ 身份: 未验证 | 请求参数列表: {"username":"test","password":"123456"}
2024-03-09 21:13:17.922  INFO 4264 --- [http-nio-8080-exec-8] (79281101633359872) com.example.filter.RequestLogFilter      : 请求处理耗时: 119ms | 响应结果: {"code":401,"data":null,"id":79281101633359872,"message":"用户名或密码错误"}
2024-03-09 21:13:22.327  INFO 4264 --- [http-nio-8080-exec-9] (79281120608391168) com.example.filter.RequestLogFilter      : 请求URL: "/api/auth/login" (POST) | 远程IP地址: 0:0:0:0:0:0:0:1 │ 身份: 未验证 | 请求参数列表: {"username":"admin","password":"123456"}
2024-03-09 21:13:22.412  INFO 4264 --- [http-nio-8080-exec-9] (79281120608391168) com.example.filter.RequestLogFilter      : 请求处理耗时: 85ms | 响应结果: {"code":200,"data":{"expire":"2024-03-12 21:13:22.411","role":"admin","token":"eyJ0eXAiOiJKV1QiLCJhbGciOiJIUzI1NiJ9.eyJuYW1lIjoiYWRtaW4iLCJpZCI6MSwiZXhwIjoxNzEwMjQ5MjAyLCJpYXQiOjE3MDk5OTAwMDIsImp0aSI6ImJkMzhmN2YwLWFiZTEtNDkxYS1iZmQ3LWIyMThhODY2ZDg3YiIsImF1dGhvcml0aWVzIjpbIlJPTEVfYWRtaW4iXX0.CE4uxDtnDfyImWzH8n0wC6du0cIkKFX3WHwvdXTKfh0","username":"admin"},"id":79281120608391168,"message":"请求成功"}
2024-03-09 22:20:17.506  WARN 4264 --- [AMQP Connection 127.0.0.1:5672] (system) c.r.c.impl.ForgivingExceptionHandler     : An unexpected connection driver error occurred (Exception message: Connection reset)
2024-03-09 22:20:18.564  INFO 4264 --- [org.springframework.amqp.rabbit.RabbitListenerEndpointContainer#0-1] (system) o.s.a.r.l.SimpleMessageListenerContainer : Restarting Consumer@6fb2b972: tags=[[amq.ctag-LTtKf_vxWCTZmoUezPPSyA]], channel=Cached Rabbit Channel: AMQChannel(amqp://admin@127.0.0.1:5672/,1), conn: Proxy@6df4d8f1 Shared Rabbit Connection: SimpleConnection@4cd7128 [delegate=amqp://admin@127.0.0.1:5672/, localPort=5419], acknowledgeMode=AUTO local queue size=0
2024-03-09 22:20:18.617  INFO 4264 --- [org.springframework.amqp.rabbit.RabbitListenerEndpointContainer#0-2] (system) o.s.a.r.c.CachingConnectionFactory       : Attempting to connect to: [localhost:5672]
2024-03-09 22:20:18.633  INFO 4264 --- [org.springframework.amqp.rabbit.RabbitListenerEndpointContainer#0-2] (system) o.s.a.r.c.CachingConnectionFactory       : Created new connection: rabbitConnectionFactory#6d41200c:1/SimpleConnection@2c3cd2ce [delegate=amqp://admin@127.0.0.1:5672/, localPort=9504]
2024-03-09 22:20:35.049  WARN 4264 --- [HikariPool-1 housekeeper] (system) com.zaxxer.hikari.pool.HikariPool        : HikariPool-1 - Thread starvation or clock leap detected (housekeeper delta=8m55s397ms921µs700ns).
2024-03-09 23:10:48.181  INFO 4264 --- [http-nio-8080-exec-1] (79310673036840960) com.example.filter.RequestLogFilter      : 请求URL: "/api/auth/login" (POST) | 远程IP地址: 0:0:0:0:0:0:0:1 │ 身份: 未验证 | 请求参数列表: {"username":"admin","password":"123456"}
2024-03-09 23:10:48.443  INFO 4264 --- [http-nio-8080-exec-1] (79310673036840960) com.example.filter.RequestLogFilter      : 请求处理耗时: 268ms | 响应结果: {"code":200,"data":{"expire":"2024-03-12 23:10:48.44","role":"admin","token":"eyJ0eXAiOiJKV1QiLCJhbGciOiJIUzI1NiJ9.eyJuYW1lIjoiYWRtaW4iLCJpZCI6MSwiZXhwIjoxNzEwMjU2MjQ4LCJpYXQiOjE3MDk5OTcwNDgsImp0aSI6IjBhMDExYzM2LTNlNDYtNGUxMC1hMzY3LTVmNDJhMDRmNThmOCIsImF1dGhvcml0aWVzIjpbIlJPTEVfYWRtaW4iXX0.9bA8SWLt2ODJndmPSaUCjodavObnIrF4-P6vzEnA5IU","username":"admin"},"id":79310673036840960,"message":"请求成功"}
