2024-03-06 17:01:06.623  INFO 7372 --- [main] (system) com.example.ServerApplication            : Starting ServerApplication using Java 17.0.8 with PID 7372 (C:\Users\yang2\Desktop\monitor\server\target\classes started by yang2 in C:\Users\yang2\Desktop\monitor)
2024-03-06 17:01:06.624  INFO 7372 --- [main] (system) com.example.ServerApplication            : The following 1 profile is active: "dev"
2024-03-06 17:01:07.370  INFO 7372 --- [main] (system) .s.d.r.c.RepositoryConfigurationDelegate : Multiple Spring Data modules found, entering strict repository configuration mode
2024-03-06 17:01:07.373  INFO 7372 --- [main] (system) .s.d.r.c.RepositoryConfigurationDelegate : Bootstrapping Spring Data Redis repositories in DEFAULT mode.
2024-03-06 17:01:07.399  INFO 7372 --- [main] (system) .s.d.r.c.RepositoryConfigurationDelegate : Finished Spring Data repository scanning in 9 ms. Found 0 Redis repository interfaces.
2024-03-06 17:01:07.940  INFO 7372 --- [main] (system) o.s.b.w.embedded.tomcat.TomcatWebServer  : Tomcat initialized with port(s): 8080 (http)
2024-03-06 17:01:07.950  INFO 7372 --- [main] (system) o.apache.catalina.core.StandardService   : Starting service [Tomcat]
2024-03-06 17:01:07.950  INFO 7372 --- [main] (system) o.apache.catalina.core.StandardEngine    : Starting Servlet engine: [Apache Tomcat/10.1.11]
2024-03-06 17:01:08.038  INFO 7372 --- [main] (system) o.a.c.c.C.[Tomcat].[localhost].[/]       : Initializing Spring embedded WebApplicationContext
2024-03-06 17:01:08.038  INFO 7372 --- [main] (system) w.s.c.ServletWebServerApplicationContext : Root WebApplicationContext: initialization completed in 1383 ms
2024-03-06 17:01:09.051  INFO 7372 --- [main] (system) o.s.s.web.DefaultSecurityFilterChain     : Will secure any request with [org.springframework.security.web.session.DisableEncodeUrlFilter@215a329c, org.springframework.security.web.context.request.async.WebAsyncManagerIntegrationFilter@20723ee, org.springframework.security.web.context.SecurityContextHolderFilter@1e429f56, org.springframework.security.web.header.HeaderWriterFilter@349aeec4, org.springframework.security.web.authentication.logout.LogoutFilter@40fcaae7, com.example.filter.JwtAuthenticationFilter@2a2b7a35, com.example.filter.RequestLogFilter@47eaf55c, org.springframework.security.web.authentication.UsernamePasswordAuthenticationFilter@547052, org.springframework.security.web.savedrequest.RequestCacheAwareFilter@7744195, org.springframework.security.web.servletapi.SecurityContextHolderAwareRequestFilter@40cb95c1, org.springframework.security.web.authentication.AnonymousAuthenticationFilter@21c5c68a, org.springframework.security.web.session.SessionManagementFilter@78a165db, org.springframework.security.web.access.ExceptionTranslationFilter@7891cf3, org.springframework.security.web.access.intercept.AuthorizationFilter@69d902f9]
2024-03-06 17:01:09.313  WARN 7372 --- [main] (system) ocalVariableTableParameterNameDiscoverer : Using deprecated '-debug' fallback for parameter name resolution. Compile the affected code with '-parameters' instead or avoid its introspection: org.springframework.amqp.rabbit.core.RabbitAdmin
2024-03-06 17:01:09.360  INFO 7372 --- [main] (system) o.s.b.w.embedded.tomcat.TomcatWebServer  : Tomcat started on port(s): 8080 (http) with context path ''
2024-03-06 17:01:09.363  INFO 7372 --- [main] (system) o.s.a.r.c.CachingConnectionFactory       : Attempting to connect to: [localhost:5672]
2024-03-06 17:01:09.414  INFO 7372 --- [main] (system) o.s.a.r.c.CachingConnectionFactory       : Created new connection: rabbitConnectionFactory#336e3be2:0/SimpleConnection@4468c0ea [delegate=amqp://admin@127.0.0.1:5672/, localPort=14251]
2024-03-06 17:01:09.452  INFO 7372 --- [main] (system) com.example.ServerApplication            : Started ServerApplication in 3.378 seconds (process running for 4.205)
2024-03-06 17:07:42.170  INFO 7372 --- [org.springframework.amqp.rabbit.RabbitListenerEndpointContainer#0-2] (system) o.s.a.r.l.SimpleMessageListenerContainer : Waiting for workers to finish.
2024-03-06 17:07:42.483  INFO 7372 --- [org.springframework.amqp.rabbit.RabbitListenerEndpointContainer#0-2] (system) o.s.a.r.l.SimpleMessageListenerContainer : Successfully waited for workers to finish.
2024-03-06 17:07:48.907  INFO 3712 --- [main] (system) com.example.ServerApplication            : Starting ServerApplication using Java 17.0.8 with PID 3712 (C:\Users\yang2\Desktop\monitor\server\target\classes started by yang2 in C:\Users\yang2\Desktop\monitor)
2024-03-06 17:07:48.909  INFO 3712 --- [main] (system) com.example.ServerApplication            : The following 1 profile is active: "dev"
2024-03-06 17:07:49.984  INFO 3712 --- [main] (system) .s.d.r.c.RepositoryConfigurationDelegate : Multiple Spring Data modules found, entering strict repository configuration mode
2024-03-06 17:07:49.988  INFO 3712 --- [main] (system) .s.d.r.c.RepositoryConfigurationDelegate : Bootstrapping Spring Data Redis repositories in DEFAULT mode.
2024-03-06 17:07:50.028  INFO 3712 --- [main] (system) .s.d.r.c.RepositoryConfigurationDelegate : Finished Spring Data repository scanning in 17 ms. Found 0 Redis repository interfaces.
2024-03-06 17:07:50.863  INFO 3712 --- [main] (system) o.s.b.w.embedded.tomcat.TomcatWebServer  : Tomcat initialized with port(s): 8080 (http)
2024-03-06 17:07:50.879  INFO 3712 --- [main] (system) o.apache.catalina.core.StandardService   : Starting service [Tomcat]
2024-03-06 17:07:50.880  INFO 3712 --- [main] (system) o.apache.catalina.core.StandardEngine    : Starting Servlet engine: [Apache Tomcat/10.1.11]
2024-03-06 17:07:50.982  INFO 3712 --- [main] (system) o.a.c.c.C.[Tomcat].[localhost].[/]       : Initializing Spring embedded WebApplicationContext
2024-03-06 17:07:50.983  INFO 3712 --- [main] (system) w.s.c.ServletWebServerApplicationContext : Root WebApplicationContext: initialization completed in 2015 ms
2024-03-06 17:07:52.690  INFO 3712 --- [main] (system) o.s.s.web.DefaultSecurityFilterChain     : Will secure any request with [org.springframework.security.web.session.DisableEncodeUrlFilter@1acc768, org.springframework.security.web.context.request.async.WebAsyncManagerIntegrationFilter@25765a49, org.springframework.security.web.context.SecurityContextHolderFilter@7be859de, org.springframework.security.web.header.HeaderWriterFilter@64ef2719, org.springframework.security.web.authentication.logout.LogoutFilter@637d111d, com.example.filter.JwtAuthenticationFilter@44b9c7c4, com.example.filter.RequestLogFilter@6f986501, org.springframework.security.web.authentication.UsernamePasswordAuthenticationFilter@7097d921, org.springframework.security.web.savedrequest.RequestCacheAwareFilter@7fa85a55, org.springframework.security.web.servletapi.SecurityContextHolderAwareRequestFilter@2de7fe0e, org.springframework.security.web.authentication.AnonymousAuthenticationFilter@38caad07, org.springframework.security.web.session.SessionManagementFilter@24f3fb87, org.springframework.security.web.access.ExceptionTranslationFilter@5cc075da, org.springframework.security.web.access.intercept.AuthorizationFilter@77e6053]
2024-03-06 17:07:53.058  WARN 3712 --- [main] (system) ocalVariableTableParameterNameDiscoverer : Using deprecated '-debug' fallback for parameter name resolution. Compile the affected code with '-parameters' instead or avoid its introspection: org.springframework.amqp.rabbit.core.RabbitAdmin
2024-03-06 17:07:53.121  INFO 3712 --- [main] (system) o.s.b.w.embedded.tomcat.TomcatWebServer  : Tomcat started on port(s): 8080 (http) with context path ''
2024-03-06 17:07:53.125  INFO 3712 --- [main] (system) o.s.a.r.c.CachingConnectionFactory       : Attempting to connect to: [localhost:5672]
2024-03-06 17:07:53.168  INFO 3712 --- [main] (system) o.s.a.r.c.CachingConnectionFactory       : Created new connection: rabbitConnectionFactory#5ee6fdc4:0/SimpleConnection@857f1a7 [delegate=amqp://admin@127.0.0.1:5672/, localPort=14547]
2024-03-06 17:07:53.209  INFO 3712 --- [main] (system) com.example.ServerApplication            : Started ServerApplication in 4.891 seconds (process running for 5.47)
2024-03-06 18:35:08.994  INFO 3712 --- [org.springframework.amqp.rabbit.RabbitListenerEndpointContainer#0-2] (system) o.s.a.r.l.SimpleMessageListenerContainer : Waiting for workers to finish.
2024-03-06 18:35:09.935  INFO 3712 --- [org.springframework.amqp.rabbit.RabbitListenerEndpointContainer#0-2] (system) o.s.a.r.l.SimpleMessageListenerContainer : Successfully waited for workers to finish.
